[[1;34mINFO[m] Scanning for projects...
[[1;34mINFO[m] 
[[1;34mINFO[m] [1m-------------------------< [0;36mcom.radim:project[0;1m >--------------------------[m
[[1;34mINFO[m] [1mBuilding project 0.0.1-SNAPSHOT[m
[[1;34mINFO[m] [1m--------------------------------[ jar ]---------------------------------[m
[[1;34mINFO[m] 
[[1;34mINFO[m] [1m>>> [0;32mspring-boot-maven-plugin:3.2.5:run[m [1m(default-cli)[0;1m > [0;1mtest-compile[m @ [36mproject[0;1m >>>[m
[[1;34mINFO[m] 
[[1;34mINFO[m] [1m--- [0;32mmaven-resources-plugin:3.3.1:resources[m [1m(default-resources)[m @ [36mproject[0;1m ---[m
[[1;34mINFO[m] Copying 1 resource from src/main/resources to target/classes
[[1;34mINFO[m] Copying 3 resources from src/main/resources to target/classes
[[1;34mINFO[m] 
[[1;34mINFO[m] [1m--- [0;32mmaven-compiler-plugin:3.11.0:compile[m [1m(default-compile)[m @ [36mproject[0;1m ---[m
[[1;34mINFO[m] Nothing to compile - all classes are up to date
[[1;34mINFO[m] 
[[1;34mINFO[m] [1m--- [0;32mmaven-resources-plugin:3.3.1:testResources[m [1m(default-testResources)[m @ [36mproject[0;1m ---[m
[[1;34mINFO[m] skip non existing resourceDirectory /home/med-chakib/Desktop/smart-academy-org/servers/Cour-Management/src/test/resources
[[1;34mINFO[m] 
[[1;34mINFO[m] [1m--- [0;32mmaven-compiler-plugin:3.11.0:testCompile[m [1m(default-testCompile)[m @ [36mproject[0;1m ---[m
[[1;34mINFO[m] Nothing to compile - all classes are up to date
[[1;34mINFO[m] 
[[1;34mINFO[m] [1m<<< [0;32mspring-boot-maven-plugin:3.2.5:run[m [1m(default-cli)[0;1m < [0;1mtest-compile[m @ [36mproject[0;1m <<<[m
[[1;34mINFO[m] 
[[1;34mINFO[m] 
[[1;34mINFO[m] [1m--- [0;32mspring-boot-maven-plugin:3.2.5:run[m [1m(default-cli)[m @ [36mproject[0;1m ---[m
[[1;34mINFO[m] Attaching agents: []

  .   ____          _            __ _ _
 /\\ / ___'_ __ _ _(_)_ __  __ _ \ \ \ \
( ( )\___ | '_ | '_| | '_ \/ _` | \ \ \ \
 \\/  ___)| |_)| | | | | || (_| |  ) ) ) )
  '  |____| .__|_| |_|_| |_\__, | / / / /
 =========|_|==============|___/=/_/_/_/
 :: Spring Boot ::                (v3.2.5)

2025-12-16T16:29:11.729+01:00  INFO 10377 --- [course-service] [  restartedMain] com.radim.project.ProjectApplication     : Starting ProjectApplication using Java 17.0.17 with PID 10377 (/home/med-chakib/Desktop/smart-academy-org/servers/Cour-Management/target/classes started by med-chakib in /home/med-chakib/Desktop/smart-academy-org/servers/Cour-Management)
2025-12-16T16:29:11.733+01:00  INFO 10377 --- [course-service] [  restartedMain] com.radim.project.ProjectApplication     : No active profile set, falling back to 1 default profile: "default"
2025-12-16T16:29:11.784+01:00  INFO 10377 --- [course-service] [  restartedMain] .e.DevToolsPropertyDefaultsPostProcessor : Devtools property defaults active! Set 'spring.devtools.add-properties' to 'false' to disable
2025-12-16T16:29:11.784+01:00  INFO 10377 --- [course-service] [  restartedMain] .e.DevToolsPropertyDefaultsPostProcessor : For additional web related logging consider setting the 'logging.level.web' property to 'DEBUG'
2025-12-16T16:29:12.652+01:00  INFO 10377 --- [course-service] [  restartedMain] .s.d.r.c.RepositoryConfigurationDelegate : Bootstrapping Spring Data JPA repositories in DEFAULT mode.
2025-12-16T16:29:12.758+01:00  INFO 10377 --- [course-service] [  restartedMain] .s.d.r.c.RepositoryConfigurationDelegate : Finished Spring Data repository scanning in 101 ms. Found 8 JPA repository interfaces.
2025-12-16T16:29:12.983+01:00  INFO 10377 --- [course-service] [  restartedMain] o.s.cloud.context.scope.GenericScope     : BeanFactory id=c543c678-5e1a-32e0-963a-ae6cccc73866
2025-12-16T16:29:13.110+01:00  WARN 10377 --- [course-service] [  restartedMain] trationDelegate$BeanPostProcessorChecker : Bean 'org.springframework.cloud.client.loadbalancer.LoadBalancerAutoConfiguration$LoadBalancerInterceptorConfig' of type [org.springframework.cloud.client.loadbalancer.LoadBalancerAutoConfiguration$LoadBalancerInterceptorConfig] is not eligible for getting processed by all BeanPostProcessors (for example: not eligible for auto-proxying). The currently created BeanPostProcessor [lbRestClientPostProcessor] is declared through a non-static factory method on that class; consider declaring it as static instead.
2025-12-16T16:29:13.113+01:00  WARN 10377 --- [course-service] [  restartedMain] trationDelegate$BeanPostProcessorChecker : Bean 'org.springframework.cloud.loadbalancer.config.BlockingLoadBalancerClientAutoConfiguration' of type [org.springframework.cloud.loadbalancer.config.BlockingLoadBalancerClientAutoConfiguration] is not eligible for getting processed by all BeanPostProcessors (for example: not eligible for auto-proxying). Is this bean getting eagerly injected into a currently created BeanPostProcessor [lbRestClientPostProcessor]? Check the corresponding BeanPostProcessor declaration and its dependencies.
2025-12-16T16:29:13.114+01:00  WARN 10377 --- [course-service] [  restartedMain] trationDelegate$BeanPostProcessorChecker : Bean 'org.springframework.cloud.loadbalancer.config.LoadBalancerAutoConfiguration' of type [org.springframework.cloud.loadbalancer.config.LoadBalancerAutoConfiguration] is not eligible for getting processed by all BeanPostProcessors (for example: not eligible for auto-proxying). Is this bean getting eagerly injected into a currently created BeanPostProcessor [lbRestClientPostProcessor]? Check the corresponding BeanPostProcessor declaration and its dependencies.
2025-12-16T16:29:13.120+01:00  WARN 10377 --- [course-service] [  restartedMain] trationDelegate$BeanPostProcessorChecker : Bean 'org.springframework.cloud.commons.config.CommonsConfigAutoConfiguration' of type [org.springframework.cloud.commons.config.CommonsConfigAutoConfiguration] is not eligible for getting processed by all BeanPostProcessors (for example: not eligible for auto-proxying). Is this bean getting eagerly injected into a currently created BeanPostProcessor [lbRestClientPostProcessor]? Check the corresponding BeanPostProcessor declaration and its dependencies.
2025-12-16T16:29:13.122+01:00  WARN 10377 --- [course-service] [  restartedMain] trationDelegate$BeanPostProcessorChecker : Bean 'org.springframework.cloud.client.loadbalancer.LoadBalancerDefaultMappingsProviderAutoConfiguration' of type [org.springframework.cloud.client.loadbalancer.LoadBalancerDefaultMappingsProviderAutoConfiguration] is not eligible for getting processed by all BeanPostProcessors (for example: not eligible for auto-proxying). Is this bean getting eagerly injected into a currently created BeanPostProcessor [lbRestClientPostProcessor]? Check the corresponding BeanPostProcessor declaration and its dependencies.
2025-12-16T16:29:13.123+01:00  WARN 10377 --- [course-service] [  restartedMain] trationDelegate$BeanPostProcessorChecker : Bean 'loadBalancerClientsDefaultsMappingsProvider' of type [org.springframework.cloud.client.loadbalancer.LoadBalancerDefaultMappingsProviderAutoConfiguration$$Lambda$641/0x00007417a4466a48] is not eligible for getting processed by all BeanPostProcessors (for example: not eligible for auto-proxying). Is this bean getting eagerly injected into a currently created BeanPostProcessor [lbRestClientPostProcessor]? Check the corresponding BeanPostProcessor declaration and its dependencies.
2025-12-16T16:29:13.124+01:00  WARN 10377 --- [course-service] [  restartedMain] trationDelegate$BeanPostProcessorChecker : Bean 'defaultsBindHandlerAdvisor' of type [org.springframework.cloud.commons.config.DefaultsBindHandlerAdvisor] is not eligible for getting processed by all BeanPostProcessors (for example: not eligible for auto-proxying). Is this bean getting eagerly injected into a currently created BeanPostProcessor [lbRestClientPostProcessor]? Check the corresponding BeanPostProcessor declaration and its dependencies.
2025-12-16T16:29:13.127+01:00  WARN 10377 --- [course-service] [  restartedMain] trationDelegate$BeanPostProcessorChecker : Bean 'org.springframework.boot.autoconfigure.flyway.FlywayAutoConfiguration' of type [org.springframework.boot.autoconfigure.flyway.FlywayAutoConfiguration] is not eligible for getting processed by all BeanPostProcessors (for example: not eligible for auto-proxying). Is this bean getting eagerly injected into a currently created BeanPostProcessor [lbRestClientPostProcessor]? Check the corresponding BeanPostProcessor declaration and its dependencies.
2025-12-16T16:29:13.128+01:00  WARN 10377 --- [course-service] [  restartedMain] trationDelegate$BeanPostProcessorChecker : Bean 'stringOrNumberMigrationVersionConverter' of type [org.springframework.boot.autoconfigure.flyway.FlywayAutoConfiguration$StringOrNumberToMigrationVersionConverter] is not eligible for getting processed by all BeanPostProcessors (for example: not eligible for auto-proxying). Is this bean getting eagerly injected into a currently created BeanPostProcessor [lbRestClientPostProcessor]? Check the corresponding BeanPostProcessor declaration and its dependencies.
2025-12-16T16:29:13.132+01:00  WARN 10377 --- [course-service] [  restartedMain] trationDelegate$BeanPostProcessorChecker : Bean 'spring.cloud.loadbalancer-org.springframework.cloud.client.loadbalancer.LoadBalancerClientsProperties' of type [org.springframework.cloud.client.loadbalancer.LoadBalancerClientsProperties] is not eligible for getting processed by all BeanPostProcessors (for example: not eligible for auto-proxying). Is this bean getting eagerly injected into a currently created BeanPostProcessor [lbRestClientPostProcessor]? Check the corresponding BeanPostProcessor declaration and its dependencies.
2025-12-16T16:29:13.136+01:00  WARN 10377 --- [course-service] [  restartedMain] trationDelegate$BeanPostProcessorChecker : Bean 'default.org.springframework.cloud.loadbalancer.config.LoadBalancerAutoConfiguration.LoadBalancerClientSpecification' of type [org.springframework.cloud.loadbalancer.annotation.LoadBalancerClientSpecification] is not eligible for getting processed by all BeanPostProcessors (for example: not eligible for auto-proxying). Is this bean getting eagerly injected into a currently created BeanPostProcessor [lbRestClientPostProcessor]? Check the corresponding BeanPostProcessor declaration and its dependencies.
2025-12-16T16:29:13.137+01:00  WARN 10377 --- [course-service] [  restartedMain] trationDelegate$BeanPostProcessorChecker : Bean 'default.org.springframework.cloud.loadbalancer.config.BlockingLoadBalancerClientAutoConfiguration.LoadBalancerClientSpecification' of type [org.springframework.cloud.loadbalancer.annotation.LoadBalancerClientSpecification] is not eligible for getting processed by all BeanPostProcessors (for example: not eligible for auto-proxying). Is this bean getting eagerly injected into a currently created BeanPostProcessor [lbRestClientPostProcessor]? Check the corresponding BeanPostProcessor declaration and its dependencies.
2025-12-16T16:29:13.138+01:00  WARN 10377 --- [course-service] [  restartedMain] trationDelegate$BeanPostProcessorChecker : Bean 'default.org.springframework.cloud.netflix.eureka.loadbalancer.LoadBalancerEurekaAutoConfiguration.LoadBalancerClientSpecification' of type [org.springframework.cloud.loadbalancer.annotation.LoadBalancerClientSpecification] is not eligible for getting processed by all BeanPostProcessors (for example: not eligible for auto-proxying). Is this bean getting eagerly injected into a currently created BeanPostProcessor [lbRestClientPostProcessor]? Check the corresponding BeanPostProcessor declaration and its dependencies.
2025-12-16T16:29:13.139+01:00  WARN 10377 --- [course-service] [  restartedMain] trationDelegate$BeanPostProcessorChecker : Bean 'loadBalancerClientFactory' of type [org.springframework.cloud.loadbalancer.support.LoadBalancerClientFactory] is not eligible for getting processed by all BeanPostProcessors (for example: not eligible for auto-proxying). Is this bean getting eagerly injected into a currently created BeanPostProcessor [lbRestClientPostProcessor]? Check the corresponding BeanPostProcessor declaration and its dependencies.
2025-12-16T16:29:13.142+01:00  WARN 10377 --- [course-service] [  restartedMain] trationDelegate$BeanPostProcessorChecker : Bean 'blockingLoadBalancerClient' of type [org.springframework.cloud.loadbalancer.blocking.client.BlockingLoadBalancerClient] is not eligible for getting processed by all BeanPostProcessors (for example: not eligible for auto-proxying). Is this bean getting eagerly injected into a currently created BeanPostProcessor [lbRestClientPostProcessor]? Check the corresponding BeanPostProcessor declaration and its dependencies.
2025-12-16T16:29:13.148+01:00  WARN 10377 --- [course-service] [  restartedMain] trationDelegate$BeanPostProcessorChecker : Bean 'loadBalancerServiceInstanceCookieTransformer' of type [org.springframework.cloud.loadbalancer.core.LoadBalancerServiceInstanceCookieTransformer] is not eligible for getting processed by all BeanPostProcessors (for example: not eligible for auto-proxying). Is this bean getting eagerly injected into a currently created BeanPostProcessor [lbRestClientPostProcessor]? Check the corresponding BeanPostProcessor declaration and its dependencies.
2025-12-16T16:29:13.149+01:00  WARN 10377 --- [course-service] [  restartedMain] trationDelegate$BeanPostProcessorChecker : Bean 'xForwarderHeadersTransformer' of type [org.springframework.cloud.loadbalancer.blocking.XForwardedHeadersTransformer] is not eligible for getting processed by all BeanPostProcessors (for example: not eligible for auto-proxying). Is this bean getting eagerly injected into a currently created BeanPostProcessor [lbRestClientPostProcessor]? Check the corresponding BeanPostProcessor declaration and its dependencies.
2025-12-16T16:29:13.150+01:00  WARN 10377 --- [course-service] [  restartedMain] trationDelegate$BeanPostProcessorChecker : Bean 'org.springframework.cloud.client.loadbalancer.LoadBalancerAutoConfiguration' of type [org.springframework.cloud.client.loadbalancer.LoadBalancerAutoConfiguration] is not eligible for getting processed by all BeanPostProcessors (for example: not eligible for auto-proxying). Is this bean getting eagerly injected into a currently created BeanPostProcessor [lbRestClientPostProcessor]? Check the corresponding BeanPostProcessor declaration and its dependencies.
2025-12-16T16:29:13.151+01:00  WARN 10377 --- [course-service] [  restartedMain] trationDelegate$BeanPostProcessorChecker : Bean 'loadBalancerRequestFactory' of type [org.springframework.cloud.client.loadbalancer.LoadBalancerRequestFactory] is not eligible for getting processed by all BeanPostProcessors (for example: not eligible for auto-proxying). Is this bean getting eagerly injected into a currently created BeanPostProcessor [lbRestClientPostProcessor]? Check the corresponding BeanPostProcessor declaration and its dependencies.
2025-12-16T16:29:13.152+01:00  WARN 10377 --- [course-service] [  restartedMain] trationDelegate$BeanPostProcessorChecker : Bean 'loadBalancerInterceptor' of type [org.springframework.cloud.client.loadbalancer.LoadBalancerInterceptor] is not eligible for getting processed by all BeanPostProcessors (for example: not eligible for auto-proxying). Is this bean getting eagerly injected into a currently created BeanPostProcessor [lbRestClientPostProcessor]? Check the corresponding BeanPostProcessor declaration and its dependencies.
2025-12-16T16:29:13.403+01:00  INFO 10377 --- [course-service] [  restartedMain] o.s.b.w.embedded.tomcat.TomcatWebServer  : Tomcat initialized with port 8081 (http)
2025-12-16T16:29:13.411+01:00  INFO 10377 --- [course-service] [  restartedMain] o.apache.catalina.core.StandardService   : Starting service [Tomcat]
2025-12-16T16:29:13.411+01:00  INFO 10377 --- [course-service] [  restartedMain] o.apache.catalina.core.StandardEngine    : Starting Servlet engine: [Apache Tomcat/10.1.20]
2025-12-16T16:29:13.443+01:00  INFO 10377 --- [course-service] [  restartedMain] o.a.c.c.C.[Tomcat].[localhost].[/]       : Initializing Spring embedded WebApplicationContext
2025-12-16T16:29:13.444+01:00  INFO 10377 --- [course-service] [  restartedMain] w.s.c.ServletWebServerApplicationContext : Root WebApplicationContext: initialization completed in 1659 ms
2025-12-16T16:29:13.568+01:00  INFO 10377 --- [course-service] [  restartedMain] com.zaxxer.hikari.HikariDataSource       : HikariPool-1 - Starting...
2025-12-16T16:29:13.702+01:00  INFO 10377 --- [course-service] [  restartedMain] com.zaxxer.hikari.pool.HikariPool        : HikariPool-1 - Added connection org.postgresql.jdbc.PgConnection@6f727e80
2025-12-16T16:29:13.703+01:00  INFO 10377 --- [course-service] [  restartedMain] com.zaxxer.hikari.HikariDataSource       : HikariPool-1 - Start completed.
2025-12-16T16:29:13.756+01:00  INFO 10377 --- [course-service] [  restartedMain] o.f.c.internal.license.VersionPrinter    : Flyway Community Edition 9.22.3 by Redgate
2025-12-16T16:29:13.756+01:00  INFO 10377 --- [course-service] [  restartedMain] o.f.c.internal.license.VersionPrinter    : See release notes here: https://rd.gt/416ObMi
2025-12-16T16:29:13.756+01:00  INFO 10377 --- [course-service] [  restartedMain] o.f.c.internal.license.VersionPrinter    : 
2025-12-16T16:29:13.766+01:00  INFO 10377 --- [course-service] [  restartedMain] org.flywaydb.core.FlywayExecutor         : Database: jdbc:postgresql://localhost:5433/course_db (PostgreSQL 15.15)
2025-12-16T16:29:13.850+01:00  INFO 10377 --- [course-service] [  restartedMain] o.f.core.internal.command.DbMigrate      : Current version of schema "public": 4
2025-12-16T16:29:13.851+01:00  WARN 10377 --- [course-service] [  restartedMain] o.f.core.internal.command.DbMigrate      : Schema "public" has a version (4) that is newer than the latest available migration (3) !
2025-12-16T16:29:13.853+01:00  INFO 10377 --- [course-service] [  restartedMain] o.f.core.internal.command.DbMigrate      : Schema "public" is up to date. No migration necessary.
2025-12-16T16:29:13.942+01:00  INFO 10377 --- [course-service] [  restartedMain] o.hibernate.jpa.internal.util.LogHelper  : HHH000204: Processing PersistenceUnitInfo [name: default]
2025-12-16T16:29:13.984+01:00  INFO 10377 --- [course-service] [  restartedMain] org.hibernate.Version                    : HHH000412: Hibernate ORM core version 6.4.4.Final
2025-12-16T16:29:14.003+01:00  INFO 10377 --- [course-service] [  restartedMain] o.h.c.internal.RegionFactoryInitiator    : HHH000026: Second-level cache disabled
2025-12-16T16:29:14.124+01:00  INFO 10377 --- [course-service] [  restartedMain] o.s.o.j.p.SpringPersistenceUnitInfo      : No LoadTimeWeaver setup: ignoring JPA class transformer
2025-12-16T16:29:14.152+01:00  WARN 10377 --- [course-service] [  restartedMain] org.hibernate.orm.deprecation            : HHH90000025: PostgreSQLDialect does not need to be specified explicitly using 'hibernate.dialect' (remove the property setting and it will be selected by default)
2025-12-16T16:29:14.857+01:00  INFO 10377 --- [course-service] [  restartedMain] o.h.e.t.j.p.i.JtaPlatformInitiator       : HHH000489: No JTA platform available (set 'hibernate.transaction.jta.platform' to enable JTA platform integration)
2025-12-16T16:29:14.899+01:00  INFO 10377 --- [course-service] [  restartedMain] j.LocalContainerEntityManagerFactoryBean : Initialized JPA EntityManagerFactory for persistence unit 'default'
2025-12-16T16:29:15.477+01:00  WARN 10377 --- [course-service] [  restartedMain] JpaBaseConfiguration$JpaWebConfiguration : spring.jpa.open-in-view is enabled by default. Therefore, database queries may be performed during view rendering. Explicitly configure spring.jpa.open-in-view to disable this warning
2025-12-16T16:29:15.498+01:00  WARN 10377 --- [course-service] [  restartedMain] .s.s.UserDetailsServiceAutoConfiguration : 

Using generated security password: 7eefbe3f-bb90-4dc7-ab89-3926c877cbc8

This generated password is for development use only. Your security configuration must be updated before running your application in production.

2025-12-16T16:29:15.715+01:00  INFO 10377 --- [course-service] [  restartedMain] o.s.s.web.DefaultSecurityFilterChain     : Will secure any request with [org.springframework.security.web.session.DisableEncodeUrlFilter@1361e925, org.springframework.security.web.context.request.async.WebAsyncManagerIntegrationFilter@36818a91, org.springframework.security.web.context.SecurityContextHolderFilter@9bd1da0, org.springframework.security.web.header.HeaderWriterFilter@69e73b3d, org.springframework.web.filter.CorsFilter@8c4d29f, org.springframework.security.web.authentication.logout.LogoutFilter@3f515994, com.radim.project.security.JwtAuthenticationFilter@1ed0b657, org.springframework.security.web.savedrequest.RequestCacheAwareFilter@41d82e9b, org.springframework.security.web.servletapi.SecurityContextHolderAwareRequestFilter@372f2138, org.springframework.security.web.authentication.AnonymousAuthenticationFilter@2a8c4780, org.springframework.security.web.session.SessionManagementFilter@fb6ea4b, org.springframework.security.web.access.ExceptionTranslationFilter@266c2e93, org.springframework.security.web.access.intercept.AuthorizationFilter@1366d46c]
2025-12-16T16:29:15.983+01:00  WARN 10377 --- [course-service] [  restartedMain] o.s.b.d.a.OptionalLiveReloadServer       : Unable to start LiveReload server
2025-12-16T16:29:16.034+01:00  INFO 10377 --- [course-service] [  restartedMain] DiscoveryClientOptionalArgsConfiguration : Eureka HTTP Client uses RestTemplate.
2025-12-16T16:29:16.075+01:00  WARN 10377 --- [course-service] [  restartedMain] iguration$LoadBalancerCaffeineWarnLogger : Spring Cloud LoadBalancer is currently working with the default cache. While this cache implementation is useful for development and tests, it's recommended to use Caffeine cache in production.You can switch to using Caffeine cache, by adding it and org.springframework.cache.caffeine.CaffeineCacheManager to the classpath.
2025-12-16T16:29:16.098+01:00  INFO 10377 --- [course-service] [  restartedMain] o.s.c.n.eureka.InstanceInfoFactory       : Setting initial instance status as: STARTING
2025-12-16T16:29:16.154+01:00  INFO 10377 --- [course-service] [  restartedMain] com.netflix.discovery.DiscoveryClient    : Initializing Eureka in region us-east-1
2025-12-16T16:29:16.157+01:00  INFO 10377 --- [course-service] [  restartedMain] c.n.d.s.r.aws.ConfigClusterResolver      : Resolving eureka endpoints via configuration
2025-12-16T16:29:16.173+01:00  INFO 10377 --- [course-service] [  restartedMain] com.netflix.discovery.DiscoveryClient    : Disable delta property : false
2025-12-16T16:29:16.173+01:00  INFO 10377 --- [course-service] [  restartedMain] com.netflix.discovery.DiscoveryClient    : Single vip registry refresh property : null
2025-12-16T16:29:16.173+01:00  INFO 10377 --- [course-service] [  restartedMain] com.netflix.discovery.DiscoveryClient    : Force full registry fetch : false
2025-12-16T16:29:16.173+01:00  INFO 10377 --- [course-service] [  restartedMain] com.netflix.discovery.DiscoveryClient    : Application is null : false
2025-12-16T16:29:16.173+01:00  INFO 10377 --- [course-service] [  restartedMain] com.netflix.discovery.DiscoveryClient    : Registered Applications size is zero : true
2025-12-16T16:29:16.173+01:00  INFO 10377 --- [course-service] [  restartedMain] com.netflix.discovery.DiscoveryClient    : Application version is -1: true
2025-12-16T16:29:16.173+01:00  INFO 10377 --- [course-service] [  restartedMain] com.netflix.discovery.DiscoveryClient    : Getting all instance registry info from the eureka server
2025-12-16T16:29:16.434+01:00  INFO 10377 --- [course-service] [  restartedMain] com.netflix.discovery.DiscoveryClient    : The response status is 200
2025-12-16T16:29:16.436+01:00  INFO 10377 --- [course-service] [  restartedMain] com.netflix.discovery.DiscoveryClient    : Starting heartbeat executor: renew interval is: 30
2025-12-16T16:29:16.438+01:00  INFO 10377 --- [course-service] [  restartedMain] c.n.discovery.InstanceInfoReplicator     : InstanceInfoReplicator onDemand update allowed rate per min is 4
2025-12-16T16:29:16.443+01:00  INFO 10377 --- [course-service] [  restartedMain] com.netflix.discovery.DiscoveryClient    : Discovery Client initialized at timestamp 1765898956442 with initial instances count: 1
2025-12-16T16:29:16.447+01:00  INFO 10377 --- [course-service] [  restartedMain] o.s.c.n.e.s.EurekaServiceRegistry        : Registering application COURSE-SERVICE with eureka with status UP
2025-12-16T16:29:16.448+01:00  INFO 10377 --- [course-service] [  restartedMain] com.netflix.discovery.DiscoveryClient    : Saw local status change event StatusChangeEvent [timestamp=1765898956448, current=UP, previous=STARTING]
2025-12-16T16:29:16.449+01:00  INFO 10377 --- [course-service] [nfoReplicator-0] com.netflix.discovery.DiscoveryClient    : DiscoveryClient_COURSE-SERVICE/192.168.11.131:course-service:8081: registering service...
2025-12-16T16:29:16.463+01:00  INFO 10377 --- [course-service] [  restartedMain] o.s.b.w.embedded.tomcat.TomcatWebServer  : Tomcat started on port 8081 (http) with context path ''
2025-12-16T16:29:16.464+01:00  INFO 10377 --- [course-service] [  restartedMain] .s.c.n.e.s.EurekaAutoServiceRegistration : Updating port to 8081
2025-12-16T16:29:16.482+01:00  INFO 10377 --- [course-service] [nfoReplicator-0] com.netflix.discovery.DiscoveryClient    : DiscoveryClient_COURSE-SERVICE/192.168.11.131:course-service:8081 - registration status: 204
2025-12-16T16:29:16.483+01:00  INFO 10377 --- [course-service] [  restartedMain] com.radim.project.ProjectApplication     : Started ProjectApplication in 5.157 seconds (process running for 5.561)
2025-12-16T16:30:28.754+01:00  INFO 10377 --- [course-service] [nio-8081-exec-1] o.a.c.c.C.[Tomcat].[localhost].[/]       : Initializing Spring DispatcherServlet 'dispatcherServlet'
2025-12-16T16:30:28.754+01:00  INFO 10377 --- [course-service] [nio-8081-exec-1] o.s.web.servlet.DispatcherServlet        : Initializing Servlet 'dispatcherServlet'
2025-12-16T16:30:28.756+01:00  INFO 10377 --- [course-service] [nio-8081-exec-1] o.s.web.servlet.DispatcherServlet        : Completed initialization in 2 ms
2025-12-16T16:30:48.698+01:00  INFO 10377 --- [course-service] [   File Watcher] rtingClassPathChangeChangedEventListener : Restarting due to 1 class path change (0 additions, 0 deletions, 1 modification)
2025-12-16T16:30:48.701+01:00  INFO 10377 --- [course-service] [       Thread-1] o.s.c.n.e.s.EurekaServiceRegistry        : Unregistering application COURSE-SERVICE with eureka with status DOWN
2025-12-16T16:30:48.701+01:00  INFO 10377 --- [course-service] [       Thread-1] com.netflix.discovery.DiscoveryClient    : Saw local status change event StatusChangeEvent [timestamp=1765899048701, current=DOWN, previous=UP]
2025-12-16T16:30:48.701+01:00  INFO 10377 --- [course-service] [nfoReplicator-0] com.netflix.discovery.DiscoveryClient    : DiscoveryClient_COURSE-SERVICE/192.168.11.131:course-service:8081: registering service...
2025-12-16T16:30:48.711+01:00  INFO 10377 --- [course-service] [nfoReplicator-0] com.netflix.discovery.DiscoveryClient    : DiscoveryClient_COURSE-SERVICE/192.168.11.131:course-service:8081 - registration status: 204
2025-12-16T16:30:48.717+01:00  INFO 10377 --- [course-service] [       Thread-1] j.LocalContainerEntityManagerFactoryBean : Closing JPA EntityManagerFactory for persistence unit 'default'
2025-12-16T16:30:48.722+01:00  INFO 10377 --- [course-service] [       Thread-1] com.zaxxer.hikari.HikariDataSource       : HikariPool-1 - Shutdown initiated...
2025-12-16T16:30:48.726+01:00  INFO 10377 --- [course-service] [       Thread-1] com.zaxxer.hikari.HikariDataSource       : HikariPool-1 - Shutdown completed.
2025-12-16T16:30:48.727+01:00  INFO 10377 --- [course-service] [       Thread-1] com.netflix.discovery.DiscoveryClient    : Shutting down DiscoveryClient ...
2025-12-16T16:30:51.729+01:00  INFO 10377 --- [course-service] [       Thread-1] com.netflix.discovery.DiscoveryClient    : Unregistering ...
2025-12-16T16:30:51.738+01:00  INFO 10377 --- [course-service] [       Thread-1] com.netflix.discovery.DiscoveryClient    : DiscoveryClient_COURSE-SERVICE/192.168.11.131:course-service:8081 - deregister  status: 200
2025-12-16T16:30:51.744+01:00  INFO 10377 --- [course-service] [       Thread-1] com.netflix.discovery.DiscoveryClient    : Completed shut down of DiscoveryClient

  .   ____          _            __ _ _
 /\\ / ___'_ __ _ _(_)_ __  __ _ \ \ \ \
( ( )\___ | '_ | '_| | '_ \/ _` | \ \ \ \
 \\/  ___)| |_)| | | | | || (_| |  ) ) ) )
  '  |____| .__|_| |_|_| |_\__, | / / / /
 =========|_|==============|___/=/_/_/_/
 :: Spring Boot ::                (v3.2.5)

2025-12-16T16:30:51.878+01:00  INFO 10377 --- [course-service] [  restartedMain] com.radim.project.ProjectApplication     : Starting ProjectApplication using Java 17.0.17 with PID 10377 (/home/med-chakib/Desktop/smart-academy-org/servers/Cour-Management/target/classes started by med-chakib in /home/med-chakib/Desktop/smart-academy-org/servers/Cour-Management)
2025-12-16T16:30:51.879+01:00  INFO 10377 --- [course-service] [  restartedMain] com.radim.project.ProjectApplication     : No active profile set, falling back to 1 default profile: "default"
2025-12-16T16:30:52.115+01:00  INFO 10377 --- [course-service] [  restartedMain] .s.d.r.c.RepositoryConfigurationDelegate : Bootstrapping Spring Data JPA repositories in DEFAULT mode.
2025-12-16T16:30:52.132+01:00  INFO 10377 --- [course-service] [  restartedMain] .s.d.r.c.RepositoryConfigurationDelegate : Finished Spring Data repository scanning in 16 ms. Found 8 JPA repository interfaces.
2025-12-16T16:30:52.207+01:00  INFO 10377 --- [course-service] [  restartedMain] o.s.cloud.context.scope.GenericScope     : BeanFactory id=5fd500da-3eba-35d5-aced-70ef6f2a1aea
2025-12-16T16:30:52.234+01:00  WARN 10377 --- [course-service] [  restartedMain] trationDelegate$BeanPostProcessorChecker : Bean 'org.springframework.cloud.client.loadbalancer.LoadBalancerAutoConfiguration$LoadBalancerInterceptorConfig' of type [org.springframework.cloud.client.loadbalancer.LoadBalancerAutoConfiguration$LoadBalancerInterceptorConfig] is not eligible for getting processed by all BeanPostProcessors (for example: not eligible for auto-proxying). The currently created BeanPostProcessor [lbRestClientPostProcessor] is declared through a non-static factory method on that class; consider declaring it as static instead.
2025-12-16T16:30:52.235+01:00  WARN 10377 --- [course-service] [  restartedMain] trationDelegate$BeanPostProcessorChecker : Bean 'org.springframework.cloud.loadbalancer.config.BlockingLoadBalancerClientAutoConfiguration' of type [org.springframework.cloud.loadbalancer.config.BlockingLoadBalancerClientAutoConfiguration] is not eligible for getting processed by all BeanPostProcessors (for example: not eligible for auto-proxying). Is this bean getting eagerly injected into a currently created BeanPostProcessor [lbRestClientPostProcessor]? Check the corresponding BeanPostProcessor declaration and its dependencies.
2025-12-16T16:30:52.236+01:00  WARN 10377 --- [course-service] [  restartedMain] trationDelegate$BeanPostProcessorChecker : Bean 'org.springframework.cloud.loadbalancer.config.LoadBalancerAutoConfiguration' of type [org.springframework.cloud.loadbalancer.config.LoadBalancerAutoConfiguration] is not eligible for getting processed by all BeanPostProcessors (for example: not eligible for auto-proxying). Is this bean getting eagerly injected into a currently created BeanPostProcessor [lbRestClientPostProcessor]? Check the corresponding BeanPostProcessor declaration and its dependencies.
2025-12-16T16:30:52.237+01:00  WARN 10377 --- [course-service] [  restartedMain] trationDelegate$BeanPostProcessorChecker : Bean 'org.springframework.cloud.commons.config.CommonsConfigAutoConfiguration' of type [org.springframework.cloud.commons.config.CommonsConfigAutoConfiguration] is not eligible for getting processed by all BeanPostProcessors (for example: not eligible for auto-proxying). Is this bean getting eagerly injected into a currently created BeanPostProcessor [lbRestClientPostProcessor]? Check the corresponding BeanPostProcessor declaration and its dependencies.
2025-12-16T16:30:52.238+01:00  WARN 10377 --- [course-service] [  restartedMain] trationDelegate$BeanPostProcessorChecker : Bean 'org.springframework.cloud.client.loadbalancer.LoadBalancerDefaultMappingsProviderAutoConfiguration' of type [org.springframework.cloud.client.loadbalancer.LoadBalancerDefaultMappingsProviderAutoConfiguration] is not eligible for getting processed by all BeanPostProcessors (for example: not eligible for auto-proxying). Is this bean getting eagerly injected into a currently created BeanPostProcessor [lbRestClientPostProcessor]? Check the corresponding BeanPostProcessor declaration and its dependencies.
2025-12-16T16:30:52.239+01:00  WARN 10377 --- [course-service] [  restartedMain] trationDelegate$BeanPostProcessorChecker : Bean 'loadBalancerClientsDefaultsMappingsProvider' of type [org.springframework.cloud.client.loadbalancer.LoadBalancerDefaultMappingsProviderAutoConfiguration$$Lambda$641/0x00007417a4466a48] is not eligible for getting processed by all BeanPostProcessors (for example: not eligible for auto-proxying). Is this bean getting eagerly injected into a currently created BeanPostProcessor [lbRestClientPostProcessor]? Check the corresponding BeanPostProcessor declaration and its dependencies.
2025-12-16T16:30:52.240+01:00  WARN 10377 --- [course-service] [  restartedMain] trationDelegate$BeanPostProcessorChecker : Bean 'defaultsBindHandlerAdvisor' of type [org.springframework.cloud.commons.config.DefaultsBindHandlerAdvisor] is not eligible for getting processed by all BeanPostProcessors (for example: not eligible for auto-proxying). Is this bean getting eagerly injected into a currently created BeanPostProcessor [lbRestClientPostProcessor]? Check the corresponding BeanPostProcessor declaration and its dependencies.
2025-12-16T16:30:52.241+01:00  WARN 10377 --- [course-service] [  restartedMain] trationDelegate$BeanPostProcessorChecker : Bean 'org.springframework.boot.autoconfigure.flyway.FlywayAutoConfiguration' of type [org.springframework.boot.autoconfigure.flyway.FlywayAutoConfiguration] is not eligible for getting processed by all BeanPostProcessors (for example: not eligible for auto-proxying). Is this bean getting eagerly injected into a currently created BeanPostProcessor [lbRestClientPostProcessor]? Check the corresponding BeanPostProcessor declaration and its dependencies.
2025-12-16T16:30:52.242+01:00  WARN 10377 --- [course-service] [  restartedMain] trationDelegate$BeanPostProcessorChecker : Bean 'stringOrNumberMigrationVersionConverter' of type [org.springframework.boot.autoconfigure.flyway.FlywayAutoConfiguration$StringOrNumberToMigrationVersionConverter] is not eligible for getting processed by all BeanPostProcessors (for example: not eligible for auto-proxying). Is this bean getting eagerly injected into a currently created BeanPostProcessor [lbRestClientPostProcessor]? Check the corresponding BeanPostProcessor declaration and its dependencies.
2025-12-16T16:30:52.244+01:00  WARN 10377 --- [course-service] [  restartedMain] trationDelegate$BeanPostProcessorChecker : Bean 'spring.cloud.loadbalancer-org.springframework.cloud.client.loadbalancer.LoadBalancerClientsProperties' of type [org.springframework.cloud.client.loadbalancer.LoadBalancerClientsProperties] is not eligible for getting processed by all BeanPostProcessors (for example: not eligible for auto-proxying). Is this bean getting eagerly injected into a currently created BeanPostProcessor [lbRestClientPostProcessor]? Check the corresponding BeanPostProcessor declaration and its dependencies.
2025-12-16T16:30:52.247+01:00  WARN 10377 --- [course-service] [  restartedMain] trationDelegate$BeanPostProcessorChecker : Bean 'default.org.springframework.cloud.loadbalancer.config.LoadBalancerAutoConfiguration.LoadBalancerClientSpecification' of type [org.springframework.cloud.loadbalancer.annotation.LoadBalancerClientSpecification] is not eligible for getting processed by all BeanPostProcessors (for example: not eligible for auto-proxying). Is this bean getting eagerly injected into a currently created BeanPostProcessor [lbRestClientPostProcessor]? Check the corresponding BeanPostProcessor declaration and its dependencies.
2025-12-16T16:30:52.247+01:00  WARN 10377 --- [course-service] [  restartedMain] trationDelegate$BeanPostProcessorChecker : Bean 'default.org.springframework.cloud.loadbalancer.config.BlockingLoadBalancerClientAutoConfiguration.LoadBalancerClientSpecification' of type [org.springframework.cloud.loadbalancer.annotation.LoadBalancerClientSpecification] is not eligible for getting processed by all BeanPostProcessors (for example: not eligible for auto-proxying). Is this bean getting eagerly injected into a currently created BeanPostProcessor [lbRestClientPostProcessor]? Check the corresponding BeanPostProcessor declaration and its dependencies.
2025-12-16T16:30:52.248+01:00  WARN 10377 --- [course-service] [  restartedMain] trationDelegate$BeanPostProcessorChecker : Bean 'default.org.springframework.cloud.netflix.eureka.loadbalancer.LoadBalancerEurekaAutoConfiguration.LoadBalancerClientSpecification' of type [org.springframework.cloud.loadbalancer.annotation.LoadBalancerClientSpecification] is not eligible for getting processed by all BeanPostProcessors (for example: not eligible for auto-proxying). Is this bean getting eagerly injected into a currently created BeanPostProcessor [lbRestClientPostProcessor]? Check the corresponding BeanPostProcessor declaration and its dependencies.
2025-12-16T16:30:52.248+01:00  WARN 10377 --- [course-service] [  restartedMain] trationDelegate$BeanPostProcessorChecker : Bean 'loadBalancerClientFactory' of type [org.springframework.cloud.loadbalancer.support.LoadBalancerClientFactory] is not eligible for getting processed by all BeanPostProcessors (for example: not eligible for auto-proxying). Is this bean getting eagerly injected into a currently created BeanPostProcessor [lbRestClientPostProcessor]? Check the corresponding BeanPostProcessor declaration and its dependencies.
2025-12-16T16:30:52.249+01:00  WARN 10377 --- [course-service] [  restartedMain] trationDelegate$BeanPostProcessorChecker : Bean 'blockingLoadBalancerClient' of type [org.springframework.cloud.loadbalancer.blocking.client.BlockingLoadBalancerClient] is not eligible for getting processed by all BeanPostProcessors (for example: not eligible for auto-proxying). Is this bean getting eagerly injected into a currently created BeanPostProcessor [lbRestClientPostProcessor]? Check the corresponding BeanPostProcessor declaration and its dependencies.
2025-12-16T16:30:52.252+01:00  WARN 10377 --- [course-service] [  restartedMain] trationDelegate$BeanPostProcessorChecker : Bean 'loadBalancerServiceInstanceCookieTransformer' of type [org.springframework.cloud.loadbalancer.core.LoadBalancerServiceInstanceCookieTransformer] is not eligible for getting processed by all BeanPostProcessors (for example: not eligible for auto-proxying). Is this bean getting eagerly injected into a currently created BeanPostProcessor [lbRestClientPostProcessor]? Check the corresponding BeanPostProcessor declaration and its dependencies.
2025-12-16T16:30:52.253+01:00  WARN 10377 --- [course-service] [  restartedMain] trationDelegate$BeanPostProcessorChecker : Bean 'xForwarderHeadersTransformer' of type [org.springframework.cloud.loadbalancer.blocking.XForwardedHeadersTransformer] is not eligible for getting processed by all BeanPostProcessors (for example: not eligible for auto-proxying). Is this bean getting eagerly injected into a currently created BeanPostProcessor [lbRestClientPostProcessor]? Check the corresponding BeanPostProcessor declaration and its dependencies.
2025-12-16T16:30:52.253+01:00  WARN 10377 --- [course-service] [  restartedMain] trationDelegate$BeanPostProcessorChecker : Bean 'org.springframework.cloud.client.loadbalancer.LoadBalancerAutoConfiguration' of type [org.springframework.cloud.client.loadbalancer.LoadBalancerAutoConfiguration] is not eligible for getting processed by all BeanPostProcessors (for example: not eligible for auto-proxying). Is this bean getting eagerly injected into a currently created BeanPostProcessor [lbRestClientPostProcessor]? Check the corresponding BeanPostProcessor declaration and its dependencies.
2025-12-16T16:30:52.254+01:00  WARN 10377 --- [course-service] [  restartedMain] trationDelegate$BeanPostProcessorChecker : Bean 'loadBalancerRequestFactory' of type [org.springframework.cloud.client.loadbalancer.LoadBalancerRequestFactory] is not eligible for getting processed by all BeanPostProcessors (for example: not eligible for auto-proxying). Is this bean getting eagerly injected into a currently created BeanPostProcessor [lbRestClientPostProcessor]? Check the corresponding BeanPostProcessor declaration and its dependencies.
2025-12-16T16:30:52.255+01:00  WARN 10377 --- [course-service] [  restartedMain] trationDelegate$BeanPostProcessorChecker : Bean 'loadBalancerInterceptor' of type [org.springframework.cloud.client.loadbalancer.LoadBalancerInterceptor] is not eligible for getting processed by all BeanPostProcessors (for example: not eligible for auto-proxying). Is this bean getting eagerly injected into a currently created BeanPostProcessor [lbRestClientPostProcessor]? Check the corresponding BeanPostProcessor declaration and its dependencies.
2025-12-16T16:30:52.308+01:00  INFO 10377 --- [course-service] [  restartedMain] o.s.b.w.embedded.tomcat.TomcatWebServer  : Tomcat initialized with port 8081 (http)
2025-12-16T16:30:52.308+01:00  INFO 10377 --- [course-service] [  restartedMain] o.apache.catalina.core.StandardService   : Starting service [Tomcat]
2025-12-16T16:30:52.308+01:00  INFO 10377 --- [course-service] [  restartedMain] o.apache.catalina.core.StandardEngine    : Starting Servlet engine: [Apache Tomcat/10.1.20]
2025-12-16T16:30:52.317+01:00  INFO 10377 --- [course-service] [  restartedMain] o.a.c.c.C.[Tomcat].[localhost].[/]       : Initializing Spring embedded WebApplicationContext
2025-12-16T16:30:52.317+01:00  INFO 10377 --- [course-service] [  restartedMain] w.s.c.ServletWebServerApplicationContext : Root WebApplicationContext: initialization completed in 437 ms
2025-12-16T16:30:52.368+01:00  INFO 10377 --- [course-service] [  restartedMain] com.zaxxer.hikari.HikariDataSource       : HikariPool-2 - Starting...
2025-12-16T16:30:52.388+01:00  INFO 10377 --- [course-service] [  restartedMain] com.zaxxer.hikari.pool.HikariPool        : HikariPool-2 - Added connection org.postgresql.jdbc.PgConnection@25cfcb2b
2025-12-16T16:30:52.388+01:00  INFO 10377 --- [course-service] [  restartedMain] com.zaxxer.hikari.HikariDataSource       : HikariPool-2 - Start completed.
2025-12-16T16:30:52.396+01:00  INFO 10377 --- [course-service] [  restartedMain] org.flywaydb.core.FlywayExecutor         : Database: jdbc:postgresql://localhost:5433/course_db (PostgreSQL 15.15)
2025-12-16T16:30:52.428+01:00  INFO 10377 --- [course-service] [  restartedMain] o.f.core.internal.command.DbMigrate      : Current version of schema "public": 4
2025-12-16T16:30:52.429+01:00  WARN 10377 --- [course-service] [  restartedMain] o.f.core.internal.command.DbMigrate      : Schema "public" has a version (4) that is newer than the latest available migration (3) !
2025-12-16T16:30:52.430+01:00  INFO 10377 --- [course-service] [  restartedMain] o.f.core.internal.command.DbMigrate      : Schema "public" is up to date. No migration necessary.
2025-12-16T16:30:52.452+01:00  INFO 10377 --- [course-service] [  restartedMain] o.hibernate.jpa.internal.util.LogHelper  : HHH000204: Processing PersistenceUnitInfo [name: default]
2025-12-16T16:30:52.454+01:00  INFO 10377 --- [course-service] [  restartedMain] o.h.c.internal.RegionFactoryInitiator    : HHH000026: Second-level cache disabled
2025-12-16T16:30:52.457+01:00  INFO 10377 --- [course-service] [  restartedMain] o.s.o.j.p.SpringPersistenceUnitInfo      : No LoadTimeWeaver setup: ignoring JPA class transformer
2025-12-16T16:30:52.460+01:00  WARN 10377 --- [course-service] [  restartedMain] org.hibernate.orm.deprecation            : HHH90000025: PostgreSQLDialect does not need to be specified explicitly using 'hibernate.dialect' (remove the property setting and it will be selected by default)
2025-12-16T16:30:52.632+01:00  INFO 10377 --- [course-service] [  restartedMain] o.h.e.t.j.p.i.JtaPlatformInitiator       : HHH000489: No JTA platform available (set 'hibernate.transaction.jta.platform' to enable JTA platform integration)
2025-12-16T16:30:52.643+01:00  INFO 10377 --- [course-service] [  restartedMain] j.LocalContainerEntityManagerFactoryBean : Initialized JPA EntityManagerFactory for persistence unit 'default'
2025-12-16T16:30:52.964+01:00  WARN 10377 --- [course-service] [  restartedMain] JpaBaseConfiguration$JpaWebConfiguration : spring.jpa.open-in-view is enabled by default. Therefore, database queries may be performed during view rendering. Explicitly configure spring.jpa.open-in-view to disable this warning
2025-12-16T16:30:52.981+01:00  WARN 10377 --- [course-service] [  restartedMain] .s.s.UserDetailsServiceAutoConfiguration : 

Using generated security password: 0961e892-61fe-4c93-817d-e900439c7983

This generated password is for development use only. Your security configuration must be updated before running your application in production.

2025-12-16T16:30:53.090+01:00  INFO 10377 --- [course-service] [  restartedMain] o.s.s.web.DefaultSecurityFilterChain     : Will secure any request with [org.springframework.security.web.session.DisableEncodeUrlFilter@41da9630, org.springframework.security.web.context.request.async.WebAsyncManagerIntegrationFilter@2f079958, org.springframework.security.web.context.SecurityContextHolderFilter@6a97bb86, org.springframework.security.web.header.HeaderWriterFilter@20609238, org.springframework.web.filter.CorsFilter@60d640a8, org.springframework.security.web.authentication.logout.LogoutFilter@353e44b3, com.radim.project.security.JwtAuthenticationFilter@20da2d7b, org.springframework.security.web.savedrequest.RequestCacheAwareFilter@3e79160a, org.springframework.security.web.servletapi.SecurityContextHolderAwareRequestFilter@1a2cb2af, org.springframework.security.web.authentication.AnonymousAuthenticationFilter@55e45e11, org.springframework.security.web.session.SessionManagementFilter@1d4ca75f, org.springframework.security.web.access.ExceptionTranslationFilter@356c3ac4, org.springframework.security.web.access.intercept.AuthorizationFilter@402eb526]
2025-12-16T16:30:53.240+01:00  WARN 10377 --- [course-service] [  restartedMain] o.s.b.d.a.OptionalLiveReloadServer       : Unable to start LiveReload server
2025-12-16T16:30:53.283+01:00  INFO 10377 --- [course-service] [  restartedMain] DiscoveryClientOptionalArgsConfiguration : Eureka HTTP Client uses RestTemplate.
2025-12-16T16:30:53.308+01:00  WARN 10377 --- [course-service] [  restartedMain] iguration$LoadBalancerCaffeineWarnLogger : Spring Cloud LoadBalancer is currently working with the default cache. While this cache implementation is useful for development and tests, it's recommended to use Caffeine cache in production.You can switch to using Caffeine cache, by adding it and org.springframework.cache.caffeine.CaffeineCacheManager to the classpath.
2025-12-16T16:30:53.327+01:00  INFO 10377 --- [course-service] [  restartedMain] o.s.c.n.eureka.InstanceInfoFactory       : Setting initial instance status as: STARTING
2025-12-16T16:30:53.331+01:00  INFO 10377 --- [course-service] [  restartedMain] com.netflix.discovery.DiscoveryClient    : Initializing Eureka in region us-east-1
2025-12-16T16:30:53.331+01:00  INFO 10377 --- [course-service] [  restartedMain] c.n.d.s.r.aws.ConfigClusterResolver      : Resolving eureka endpoints via configuration
2025-12-16T16:30:53.340+01:00  INFO 10377 --- [course-service] [  restartedMain] com.netflix.discovery.DiscoveryClient    : Disable delta property : false
2025-12-16T16:30:53.340+01:00  INFO 10377 --- [course-service] [  restartedMain] com.netflix.discovery.DiscoveryClient    : Single vip registry refresh property : null
2025-12-16T16:30:53.340+01:00  INFO 10377 --- [course-service] [  restartedMain] com.netflix.discovery.DiscoveryClient    : Force full registry fetch : false
2025-12-16T16:30:53.340+01:00  INFO 10377 --- [course-service] [  restartedMain] com.netflix.discovery.DiscoveryClient    : Application is null : false
2025-12-16T16:30:53.341+01:00  INFO 10377 --- [course-service] [  restartedMain] com.netflix.discovery.DiscoveryClient    : Registered Applications size is zero : true
2025-12-16T16:30:53.341+01:00  INFO 10377 --- [course-service] [  restartedMain] com.netflix.discovery.DiscoveryClient    : Application version is -1: true
2025-12-16T16:30:53.341+01:00  INFO 10377 --- [course-service] [  restartedMain] com.netflix.discovery.DiscoveryClient    : Getting all instance registry info from the eureka server
2025-12-16T16:30:53.367+01:00  INFO 10377 --- [course-service] [  restartedMain] com.netflix.discovery.DiscoveryClient    : The response status is 200
2025-12-16T16:30:53.368+01:00  INFO 10377 --- [course-service] [  restartedMain] com.netflix.discovery.DiscoveryClient    : Starting heartbeat executor: renew interval is: 30
2025-12-16T16:30:53.370+01:00  INFO 10377 --- [course-service] [  restartedMain] c.n.discovery.InstanceInfoReplicator     : InstanceInfoReplicator onDemand update allowed rate per min is 4
2025-12-16T16:30:53.371+01:00  INFO 10377 --- [course-service] [  restartedMain] com.netflix.discovery.DiscoveryClient    : Discovery Client initialized at timestamp 1765899053371 with initial instances count: 3
2025-12-16T16:30:53.375+01:00  INFO 10377 --- [course-service] [  restartedMain] o.s.c.n.e.s.EurekaServiceRegistry        : Registering application COURSE-SERVICE with eureka with status UP
2025-12-16T16:30:53.375+01:00  INFO 10377 --- [course-service] [  restartedMain] com.netflix.discovery.DiscoveryClient    : Saw local status change event StatusChangeEvent [timestamp=1765899053375, current=UP, previous=STARTING]
2025-12-16T16:30:53.375+01:00  INFO 10377 --- [course-service] [nfoReplicator-0] com.netflix.discovery.DiscoveryClient    : DiscoveryClient_COURSE-SERVICE/192.168.11.131:course-service:8081: registering service...
2025-12-16T16:30:53.378+01:00  INFO 10377 --- [course-service] [  restartedMain] o.s.b.w.embedded.tomcat.TomcatWebServer  : Tomcat started on port 8081 (http) with context path ''
2025-12-16T16:30:53.379+01:00  INFO 10377 --- [course-service] [  restartedMain] .s.c.n.e.s.EurekaAutoServiceRegistration : Updating port to 8081
2025-12-16T16:30:53.388+01:00  INFO 10377 --- [course-service] [  restartedMain] com.radim.project.ProjectApplication     : Started ProjectApplication in 1.551 seconds (process running for 102.466)
2025-12-16T16:30:53.391+01:00  INFO 10377 --- [course-service] [nfoReplicator-0] com.netflix.discovery.DiscoveryClient    : DiscoveryClient_COURSE-SERVICE/192.168.11.131:course-service:8081 - registration status: 204
2025-12-16T16:30:53.391+01:00  INFO 10377 --- [course-service] [  restartedMain] .ConditionEvaluationDeltaLoggingListener : Condition evaluation unchanged
2025-12-16T16:32:59.143+01:00  INFO 10377 --- [course-service] [ionShutdownHook] o.s.c.n.e.s.EurekaServiceRegistry        : Unregistering application COURSE-SERVICE with eureka with status DOWN
2025-12-16T16:32:59.145+01:00  INFO 10377 --- [course-service] [ionShutdownHook] com.netflix.discovery.DiscoveryClient    : Saw local status change event StatusChangeEvent [timestamp=1765899179145, current=DOWN, previous=UP]
2025-12-16T16:32:59.147+01:00  INFO 10377 --- [course-service] [nfoReplicator-0] com.netflix.discovery.DiscoveryClient    : DiscoveryClient_COURSE-SERVICE/192.168.11.131:course-service:8081: registering service...
2025-12-16T16:32:59.177+01:00  INFO 10377 --- [course-service] [nfoReplicator-0] com.netflix.discovery.DiscoveryClient    : DiscoveryClient_COURSE-SERVICE/192.168.11.131:course-service:8081 - registration status: 204
2025-12-16T16:32:59.181+01:00  INFO 10377 --- [course-service] [ionShutdownHook] j.LocalContainerEntityManagerFactoryBean : Closing JPA EntityManagerFactory for persistence unit 'default'
2025-12-16T16:32:59.182+01:00  INFO 10377 --- [course-service] [ionShutdownHook] com.zaxxer.hikari.HikariDataSource       : HikariPool-2 - Shutdown initiated...
2025-12-16T16:32:59.206+01:00  INFO 10377 --- [course-service] [ionShutdownHook] com.zaxxer.hikari.HikariDataSource       : HikariPool-2 - Shutdown completed.
2025-12-16T16:32:59.206+01:00  INFO 10377 --- [course-service] [ionShutdownHook] com.netflix.discovery.DiscoveryClient    : Shutting down DiscoveryClient ...
2025-12-16T16:33:02.208+01:00  INFO 10377 --- [course-service] [ionShutdownHook] com.netflix.discovery.DiscoveryClient    : Unregistering ...
2025-12-16T16:33:02.213+01:00  INFO 10377 --- [course-service] [ionShutdownHook] com.netflix.discovery.DiscoveryClient    : DiscoveryClient_COURSE-SERVICE/192.168.11.131:course-service:8081 - deregister  status: 200
2025-12-16T16:33:02.217+01:00  INFO 10377 --- [course-service] [ionShutdownHook] com.netflix.discovery.DiscoveryClient    : Completed shut down of DiscoveryClient
