[[1;34mINFO[m] Scanning for projects...
[[1;34mINFO[m] 
[[1;34mINFO[m] [1m-----------------------------< [0;36mradim:demo[0;1m >-----------------------------[m
[[1;34mINFO[m] [1mBuilding User-Management 0.0.1-SNAPSHOT[m
[[1;34mINFO[m] [1m--------------------------------[ jar ]---------------------------------[m
[[1;34mINFO[m] 
[[1;34mINFO[m] [1m>>> [0;32mspring-boot-maven-plugin:3.2.5:run[m [1m(default-cli)[0;1m > [0;1mtest-compile[m @ [36mdemo[0;1m >>>[m
[[1;34mINFO[m] 
[[1;34mINFO[m] [1m--- [0;32mmaven-resources-plugin:3.3.1:resources[m [1m(default-resources)[m @ [36mdemo[0;1m ---[m
[[1;34mINFO[m] Copying 1 resource from src/main/resources to target/classes
[[1;34mINFO[m] Copying 3 resources from src/main/resources to target/classes
[[1;34mINFO[m] 
[[1;34mINFO[m] [1m--- [0;32mmaven-compiler-plugin:3.11.0:compile[m [1m(default-compile)[m @ [36mdemo[0;1m ---[m
[[1;34mINFO[m] Nothing to compile - all classes are up to date
[[1;34mINFO[m] 
[[1;34mINFO[m] [1m--- [0;32mmaven-resources-plugin:3.3.1:testResources[m [1m(default-testResources)[m @ [36mdemo[0;1m ---[m
[[1;34mINFO[m] Copying 1 resource from src/test/resources to target/test-classes
[[1;34mINFO[m] 
[[1;34mINFO[m] [1m--- [0;32mmaven-compiler-plugin:3.11.0:testCompile[m [1m(default-testCompile)[m @ [36mdemo[0;1m ---[m
[[1;34mINFO[m] Nothing to compile - all classes are up to date
[[1;34mINFO[m] 
[[1;34mINFO[m] [1m<<< [0;32mspring-boot-maven-plugin:3.2.5:run[m [1m(default-cli)[0;1m < [0;1mtest-compile[m @ [36mdemo[0;1m <<<[m
[[1;34mINFO[m] 
[[1;34mINFO[m] 
[[1;34mINFO[m] [1m--- [0;32mspring-boot-maven-plugin:3.2.5:run[m [1m(default-cli)[m @ [36mdemo[0;1m ---[m
[[1;34mINFO[m] Attaching agents: []

  .   ____          _            __ _ _
 /\\ / ___'_ __ _ _(_)_ __  __ _ \ \ \ \
( ( )\___ | '_ | '_| | '_ \/ _` | \ \ \ \
 \\/  ___)| |_)| | | | | || (_| |  ) ) ) )
  '  |____| .__|_| |_|_| |_\__, | / / / /
 =========|_|==============|___/=/_/_/_/
 :: Spring Boot ::                (v3.2.5)

2025-12-16T16:29:06.806+01:00  INFO 10218 --- [user-management-service] [  restartedMain] radim.ma.UserManagementApplication       : Starting UserManagementApplication using Java 17.0.17 with PID 10218 (/home/med-chakib/Desktop/smart-academy-org/servers/User-Management/target/classes started by med-chakib in /home/med-chakib/Desktop/smart-academy-org/servers/User-Management)
2025-12-16T16:29:06.808+01:00  INFO 10218 --- [user-management-service] [  restartedMain] radim.ma.UserManagementApplication       : No active profile set, falling back to 1 default profile: "default"
2025-12-16T16:29:06.845+01:00  INFO 10218 --- [user-management-service] [  restartedMain] .e.DevToolsPropertyDefaultsPostProcessor : Devtools property defaults active! Set 'spring.devtools.add-properties' to 'false' to disable
2025-12-16T16:29:06.845+01:00  INFO 10218 --- [user-management-service] [  restartedMain] .e.DevToolsPropertyDefaultsPostProcessor : For additional web related logging consider setting the 'logging.level.web' property to 'DEBUG'
2025-12-16T16:29:07.627+01:00  INFO 10218 --- [user-management-service] [  restartedMain] .s.d.r.c.RepositoryConfigurationDelegate : Bootstrapping Spring Data JPA repositories in DEFAULT mode.
2025-12-16T16:29:07.758+01:00  INFO 10218 --- [user-management-service] [  restartedMain] .s.d.r.c.RepositoryConfigurationDelegate : Finished Spring Data repository scanning in 123 ms. Found 2 JPA repository interfaces.
2025-12-16T16:29:08.009+01:00  INFO 10218 --- [user-management-service] [  restartedMain] o.s.cloud.context.scope.GenericScope     : BeanFactory id=0d0ee06b-046b-32a0-a960-82e73ab512c5
2025-12-16T16:29:08.160+01:00  WARN 10218 --- [user-management-service] [  restartedMain] trationDelegate$BeanPostProcessorChecker : Bean 'org.springframework.cloud.client.loadbalancer.LoadBalancerAutoConfiguration$LoadBalancerInterceptorConfig' of type [org.springframework.cloud.client.loadbalancer.LoadBalancerAutoConfiguration$LoadBalancerInterceptorConfig] is not eligible for getting processed by all BeanPostProcessors (for example: not eligible for auto-proxying). The currently created BeanPostProcessor [lbRestClientPostProcessor] is declared through a non-static factory method on that class; consider declaring it as static instead.
2025-12-16T16:29:08.163+01:00  WARN 10218 --- [user-management-service] [  restartedMain] trationDelegate$BeanPostProcessorChecker : Bean 'org.springframework.cloud.loadbalancer.config.BlockingLoadBalancerClientAutoConfiguration' of type [org.springframework.cloud.loadbalancer.config.BlockingLoadBalancerClientAutoConfiguration] is not eligible for getting processed by all BeanPostProcessors (for example: not eligible for auto-proxying). Is this bean getting eagerly injected into a currently created BeanPostProcessor [lbRestClientPostProcessor]? Check the corresponding BeanPostProcessor declaration and its dependencies.
2025-12-16T16:29:08.164+01:00  WARN 10218 --- [user-management-service] [  restartedMain] trationDelegate$BeanPostProcessorChecker : Bean 'org.springframework.cloud.loadbalancer.config.LoadBalancerAutoConfiguration' of type [org.springframework.cloud.loadbalancer.config.LoadBalancerAutoConfiguration] is not eligible for getting processed by all BeanPostProcessors (for example: not eligible for auto-proxying). Is this bean getting eagerly injected into a currently created BeanPostProcessor [lbRestClientPostProcessor]? Check the corresponding BeanPostProcessor declaration and its dependencies.
2025-12-16T16:29:08.170+01:00  WARN 10218 --- [user-management-service] [  restartedMain] trationDelegate$BeanPostProcessorChecker : Bean 'org.springframework.cloud.commons.config.CommonsConfigAutoConfiguration' of type [org.springframework.cloud.commons.config.CommonsConfigAutoConfiguration] is not eligible for getting processed by all BeanPostProcessors (for example: not eligible for auto-proxying). Is this bean getting eagerly injected into a currently created BeanPostProcessor [lbRestClientPostProcessor]? Check the corresponding BeanPostProcessor declaration and its dependencies.
2025-12-16T16:29:08.172+01:00  WARN 10218 --- [user-management-service] [  restartedMain] trationDelegate$BeanPostProcessorChecker : Bean 'org.springframework.cloud.client.loadbalancer.LoadBalancerDefaultMappingsProviderAutoConfiguration' of type [org.springframework.cloud.client.loadbalancer.LoadBalancerDefaultMappingsProviderAutoConfiguration] is not eligible for getting processed by all BeanPostProcessors (for example: not eligible for auto-proxying). Is this bean getting eagerly injected into a currently created BeanPostProcessor [lbRestClientPostProcessor]? Check the corresponding BeanPostProcessor declaration and its dependencies.
2025-12-16T16:29:08.173+01:00  WARN 10218 --- [user-management-service] [  restartedMain] trationDelegate$BeanPostProcessorChecker : Bean 'loadBalancerClientsDefaultsMappingsProvider' of type [org.springframework.cloud.client.loadbalancer.LoadBalancerDefaultMappingsProviderAutoConfiguration$$Lambda$656/0x000073b9b4481398] is not eligible for getting processed by all BeanPostProcessors (for example: not eligible for auto-proxying). Is this bean getting eagerly injected into a currently created BeanPostProcessor [lbRestClientPostProcessor]? Check the corresponding BeanPostProcessor declaration and its dependencies.
2025-12-16T16:29:08.174+01:00  WARN 10218 --- [user-management-service] [  restartedMain] trationDelegate$BeanPostProcessorChecker : Bean 'defaultsBindHandlerAdvisor' of type [org.springframework.cloud.commons.config.DefaultsBindHandlerAdvisor] is not eligible for getting processed by all BeanPostProcessors (for example: not eligible for auto-proxying). Is this bean getting eagerly injected into a currently created BeanPostProcessor [lbRestClientPostProcessor]? Check the corresponding BeanPostProcessor declaration and its dependencies.
2025-12-16T16:29:08.177+01:00  WARN 10218 --- [user-management-service] [  restartedMain] trationDelegate$BeanPostProcessorChecker : Bean 'org.springframework.boot.autoconfigure.flyway.FlywayAutoConfiguration' of type [org.springframework.boot.autoconfigure.flyway.FlywayAutoConfiguration] is not eligible for getting processed by all BeanPostProcessors (for example: not eligible for auto-proxying). Is this bean getting eagerly injected into a currently created BeanPostProcessor [lbRestClientPostProcessor]? Check the corresponding BeanPostProcessor declaration and its dependencies.
2025-12-16T16:29:08.179+01:00  WARN 10218 --- [user-management-service] [  restartedMain] trationDelegate$BeanPostProcessorChecker : Bean 'stringOrNumberMigrationVersionConverter' of type [org.springframework.boot.autoconfigure.flyway.FlywayAutoConfiguration$StringOrNumberToMigrationVersionConverter] is not eligible for getting processed by all BeanPostProcessors (for example: not eligible for auto-proxying). Is this bean getting eagerly injected into a currently created BeanPostProcessor [lbRestClientPostProcessor]? Check the corresponding BeanPostProcessor declaration and its dependencies.
2025-12-16T16:29:08.183+01:00  WARN 10218 --- [user-management-service] [  restartedMain] trationDelegate$BeanPostProcessorChecker : Bean 'spring.cloud.loadbalancer-org.springframework.cloud.client.loadbalancer.LoadBalancerClientsProperties' of type [org.springframework.cloud.client.loadbalancer.LoadBalancerClientsProperties] is not eligible for getting processed by all BeanPostProcessors (for example: not eligible for auto-proxying). Is this bean getting eagerly injected into a currently created BeanPostProcessor [lbRestClientPostProcessor]? Check the corresponding BeanPostProcessor declaration and its dependencies.
2025-12-16T16:29:08.187+01:00  WARN 10218 --- [user-management-service] [  restartedMain] trationDelegate$BeanPostProcessorChecker : Bean 'default.org.springframework.cloud.loadbalancer.config.LoadBalancerAutoConfiguration.LoadBalancerClientSpecification' of type [org.springframework.cloud.loadbalancer.annotation.LoadBalancerClientSpecification] is not eligible for getting processed by all BeanPostProcessors (for example: not eligible for auto-proxying). Is this bean getting eagerly injected into a currently created BeanPostProcessor [lbRestClientPostProcessor]? Check the corresponding BeanPostProcessor declaration and its dependencies.
2025-12-16T16:29:08.188+01:00  WARN 10218 --- [user-management-service] [  restartedMain] trationDelegate$BeanPostProcessorChecker : Bean 'default.org.springframework.cloud.loadbalancer.config.BlockingLoadBalancerClientAutoConfiguration.LoadBalancerClientSpecification' of type [org.springframework.cloud.loadbalancer.annotation.LoadBalancerClientSpecification] is not eligible for getting processed by all BeanPostProcessors (for example: not eligible for auto-proxying). Is this bean getting eagerly injected into a currently created BeanPostProcessor [lbRestClientPostProcessor]? Check the corresponding BeanPostProcessor declaration and its dependencies.
2025-12-16T16:29:08.189+01:00  WARN 10218 --- [user-management-service] [  restartedMain] trationDelegate$BeanPostProcessorChecker : Bean 'default.org.springframework.cloud.netflix.eureka.loadbalancer.LoadBalancerEurekaAutoConfiguration.LoadBalancerClientSpecification' of type [org.springframework.cloud.loadbalancer.annotation.LoadBalancerClientSpecification] is not eligible for getting processed by all BeanPostProcessors (for example: not eligible for auto-proxying). Is this bean getting eagerly injected into a currently created BeanPostProcessor [lbRestClientPostProcessor]? Check the corresponding BeanPostProcessor declaration and its dependencies.
2025-12-16T16:29:08.190+01:00  WARN 10218 --- [user-management-service] [  restartedMain] trationDelegate$BeanPostProcessorChecker : Bean 'loadBalancerClientFactory' of type [org.springframework.cloud.loadbalancer.support.LoadBalancerClientFactory] is not eligible for getting processed by all BeanPostProcessors (for example: not eligible for auto-proxying). Is this bean getting eagerly injected into a currently created BeanPostProcessor [lbRestClientPostProcessor]? Check the corresponding BeanPostProcessor declaration and its dependencies.
2025-12-16T16:29:08.194+01:00  WARN 10218 --- [user-management-service] [  restartedMain] trationDelegate$BeanPostProcessorChecker : Bean 'blockingLoadBalancerClient' of type [org.springframework.cloud.loadbalancer.blocking.client.BlockingLoadBalancerClient] is not eligible for getting processed by all BeanPostProcessors (for example: not eligible for auto-proxying). Is this bean getting eagerly injected into a currently created BeanPostProcessor [lbRestClientPostProcessor]? Check the corresponding BeanPostProcessor declaration and its dependencies.
2025-12-16T16:29:08.199+01:00  WARN 10218 --- [user-management-service] [  restartedMain] trationDelegate$BeanPostProcessorChecker : Bean 'loadBalancerServiceInstanceCookieTransformer' of type [org.springframework.cloud.loadbalancer.core.LoadBalancerServiceInstanceCookieTransformer] is not eligible for getting processed by all BeanPostProcessors (for example: not eligible for auto-proxying). Is this bean getting eagerly injected into a currently created BeanPostProcessor [lbRestClientPostProcessor]? Check the corresponding BeanPostProcessor declaration and its dependencies.
2025-12-16T16:29:08.201+01:00  WARN 10218 --- [user-management-service] [  restartedMain] trationDelegate$BeanPostProcessorChecker : Bean 'xForwarderHeadersTransformer' of type [org.springframework.cloud.loadbalancer.blocking.XForwardedHeadersTransformer] is not eligible for getting processed by all BeanPostProcessors (for example: not eligible for auto-proxying). Is this bean getting eagerly injected into a currently created BeanPostProcessor [lbRestClientPostProcessor]? Check the corresponding BeanPostProcessor declaration and its dependencies.
2025-12-16T16:29:08.201+01:00  WARN 10218 --- [user-management-service] [  restartedMain] trationDelegate$BeanPostProcessorChecker : Bean 'org.springframework.cloud.client.loadbalancer.LoadBalancerAutoConfiguration' of type [org.springframework.cloud.client.loadbalancer.LoadBalancerAutoConfiguration] is not eligible for getting processed by all BeanPostProcessors (for example: not eligible for auto-proxying). Is this bean getting eagerly injected into a currently created BeanPostProcessor [lbRestClientPostProcessor]? Check the corresponding BeanPostProcessor declaration and its dependencies.
2025-12-16T16:29:08.203+01:00  WARN 10218 --- [user-management-service] [  restartedMain] trationDelegate$BeanPostProcessorChecker : Bean 'loadBalancerRequestFactory' of type [org.springframework.cloud.client.loadbalancer.LoadBalancerRequestFactory] is not eligible for getting processed by all BeanPostProcessors (for example: not eligible for auto-proxying). Is this bean getting eagerly injected into a currently created BeanPostProcessor [lbRestClientPostProcessor]? Check the corresponding BeanPostProcessor declaration and its dependencies.
2025-12-16T16:29:08.204+01:00  WARN 10218 --- [user-management-service] [  restartedMain] trationDelegate$BeanPostProcessorChecker : Bean 'loadBalancerInterceptor' of type [org.springframework.cloud.client.loadbalancer.LoadBalancerInterceptor] is not eligible for getting processed by all BeanPostProcessors (for example: not eligible for auto-proxying). Is this bean getting eagerly injected into a currently created BeanPostProcessor [lbRestClientPostProcessor]? Check the corresponding BeanPostProcessor declaration and its dependencies.
2025-12-16T16:29:08.500+01:00  INFO 10218 --- [user-management-service] [  restartedMain] o.s.b.w.embedded.tomcat.TomcatWebServer  : Tomcat initialized with port 8082 (http)
2025-12-16T16:29:08.510+01:00  INFO 10218 --- [user-management-service] [  restartedMain] o.apache.catalina.core.StandardService   : Starting service [Tomcat]
2025-12-16T16:29:08.510+01:00  INFO 10218 --- [user-management-service] [  restartedMain] o.apache.catalina.core.StandardEngine    : Starting Servlet engine: [Apache Tomcat/10.1.20]
2025-12-16T16:29:08.549+01:00  INFO 10218 --- [user-management-service] [  restartedMain] o.a.c.c.C.[Tomcat].[localhost].[/]       : Initializing Spring embedded WebApplicationContext
2025-12-16T16:29:08.550+01:00  INFO 10218 --- [user-management-service] [  restartedMain] w.s.c.ServletWebServerApplicationContext : Root WebApplicationContext: initialization completed in 1703 ms
2025-12-16T16:29:08.655+01:00  INFO 10218 --- [user-management-service] [  restartedMain] com.zaxxer.hikari.HikariDataSource       : HikariPool-1 - Starting...
2025-12-16T16:29:08.889+01:00  INFO 10218 --- [user-management-service] [  restartedMain] com.zaxxer.hikari.pool.HikariPool        : HikariPool-1 - Added connection org.postgresql.jdbc.PgConnection@21c757f6
2025-12-16T16:29:08.891+01:00  INFO 10218 --- [user-management-service] [  restartedMain] com.zaxxer.hikari.HikariDataSource       : HikariPool-1 - Start completed.
2025-12-16T16:29:08.961+01:00  INFO 10218 --- [user-management-service] [  restartedMain] o.f.c.internal.license.VersionPrinter    : Flyway Community Edition 9.22.3 by Redgate
2025-12-16T16:29:08.961+01:00  INFO 10218 --- [user-management-service] [  restartedMain] o.f.c.internal.license.VersionPrinter    : See release notes here: https://rd.gt/416ObMi
2025-12-16T16:29:08.962+01:00  INFO 10218 --- [user-management-service] [  restartedMain] o.f.c.internal.license.VersionPrinter    : 
2025-12-16T16:29:08.974+01:00  INFO 10218 --- [user-management-service] [  restartedMain] org.flywaydb.core.FlywayExecutor         : Database: jdbc:postgresql://localhost:5435/user_management (PostgreSQL 15.15)
2025-12-16T16:29:09.023+01:00  INFO 10218 --- [user-management-service] [  restartedMain] o.f.core.internal.command.DbValidate     : Successfully validated 3 migrations (execution time 00:00.025s)
2025-12-16T16:29:09.036+01:00  INFO 10218 --- [user-management-service] [  restartedMain] o.f.core.internal.command.DbMigrate      : Current version of schema "public": 3
2025-12-16T16:29:09.039+01:00  INFO 10218 --- [user-management-service] [  restartedMain] o.f.core.internal.command.DbMigrate      : Schema "public" is up to date. No migration necessary.
2025-12-16T16:29:09.122+01:00  INFO 10218 --- [user-management-service] [  restartedMain] o.hibernate.jpa.internal.util.LogHelper  : HHH000204: Processing PersistenceUnitInfo [name: default]
2025-12-16T16:29:09.183+01:00  INFO 10218 --- [user-management-service] [  restartedMain] org.hibernate.Version                    : HHH000412: Hibernate ORM core version 6.4.4.Final
2025-12-16T16:29:09.218+01:00  INFO 10218 --- [user-management-service] [  restartedMain] o.h.c.internal.RegionFactoryInitiator    : HHH000026: Second-level cache disabled
2025-12-16T16:29:09.432+01:00  INFO 10218 --- [user-management-service] [  restartedMain] o.s.o.j.p.SpringPersistenceUnitInfo      : No LoadTimeWeaver setup: ignoring JPA class transformer
2025-12-16T16:29:09.483+01:00  WARN 10218 --- [user-management-service] [  restartedMain] org.hibernate.orm.deprecation            : HHH90000025: PostgreSQLDialect does not need to be specified explicitly using 'hibernate.dialect' (remove the property setting and it will be selected by default)
2025-12-16T16:29:10.287+01:00  INFO 10218 --- [user-management-service] [  restartedMain] o.h.e.t.j.p.i.JtaPlatformInitiator       : HHH000489: No JTA platform available (set 'hibernate.transaction.jta.platform' to enable JTA platform integration)
2025-12-16T16:29:10.332+01:00  INFO 10218 --- [user-management-service] [  restartedMain] j.LocalContainerEntityManagerFactoryBean : Initialized JPA EntityManagerFactory for persistence unit 'default'
2025-12-16T16:29:10.643+01:00  INFO 10218 --- [user-management-service] [  restartedMain] o.s.d.j.r.query.QueryEnhancerFactory     : Hibernate is in classpath; If applicable, HQL parser will be used.
2025-12-16T16:29:11.065+01:00  WARN 10218 --- [user-management-service] [  restartedMain] JpaBaseConfiguration$JpaWebConfiguration : spring.jpa.open-in-view is enabled by default. Therefore, database queries may be performed during view rendering. Explicitly configure spring.jpa.open-in-view to disable this warning
2025-12-16T16:29:11.436+01:00  INFO 10218 --- [user-management-service] [  restartedMain] o.s.s.web.DefaultSecurityFilterChain     : Will secure any request with [org.springframework.security.web.session.DisableEncodeUrlFilter@5d0caf03, org.springframework.security.web.context.request.async.WebAsyncManagerIntegrationFilter@2897dc5b, org.springframework.security.web.context.SecurityContextHolderFilter@25b3c7db, org.springframework.security.web.header.HeaderWriterFilter@581675c0, org.springframework.web.filter.CorsFilter@2e97a757, org.springframework.security.web.authentication.logout.LogoutFilter@6f50aafc, radim.ma.security.JwtFilter@6e0103ad, org.springframework.security.web.savedrequest.RequestCacheAwareFilter@58d6ace1, org.springframework.security.web.servletapi.SecurityContextHolderAwareRequestFilter@531f4a52, org.springframework.security.web.authentication.AnonymousAuthenticationFilter@4fd21267, org.springframework.security.web.session.SessionManagementFilter@24bf8e41, org.springframework.security.web.access.ExceptionTranslationFilter@36ea6399, org.springframework.security.web.access.intercept.AuthorizationFilter@3e196eef]
2025-12-16T16:29:11.918+01:00  INFO 10218 --- [user-management-service] [  restartedMain] o.s.b.d.a.OptionalLiveReloadServer       : LiveReload server is running on port 35729
2025-12-16T16:29:12.004+01:00  INFO 10218 --- [user-management-service] [  restartedMain] DiscoveryClientOptionalArgsConfiguration : Eureka HTTP Client uses RestTemplate.
2025-12-16T16:29:12.070+01:00  WARN 10218 --- [user-management-service] [  restartedMain] iguration$LoadBalancerCaffeineWarnLogger : Spring Cloud LoadBalancer is currently working with the default cache. While this cache implementation is useful for development and tests, it's recommended to use Caffeine cache in production.You can switch to using Caffeine cache, by adding it and org.springframework.cache.caffeine.CaffeineCacheManager to the classpath.
2025-12-16T16:29:12.098+01:00  INFO 10218 --- [user-management-service] [  restartedMain] o.s.c.n.eureka.InstanceInfoFactory       : Setting initial instance status as: STARTING
2025-12-16T16:29:12.173+01:00  INFO 10218 --- [user-management-service] [  restartedMain] com.netflix.discovery.DiscoveryClient    : Initializing Eureka in region us-east-1
2025-12-16T16:29:12.177+01:00  INFO 10218 --- [user-management-service] [  restartedMain] c.n.d.s.r.aws.ConfigClusterResolver      : Resolving eureka endpoints via configuration
2025-12-16T16:29:12.198+01:00  INFO 10218 --- [user-management-service] [  restartedMain] com.netflix.discovery.DiscoveryClient    : Disable delta property : false
2025-12-16T16:29:12.199+01:00  INFO 10218 --- [user-management-service] [  restartedMain] com.netflix.discovery.DiscoveryClient    : Single vip registry refresh property : null
2025-12-16T16:29:12.199+01:00  INFO 10218 --- [user-management-service] [  restartedMain] com.netflix.discovery.DiscoveryClient    : Force full registry fetch : false
2025-12-16T16:29:12.199+01:00  INFO 10218 --- [user-management-service] [  restartedMain] com.netflix.discovery.DiscoveryClient    : Application is null : false
2025-12-16T16:29:12.199+01:00  INFO 10218 --- [user-management-service] [  restartedMain] com.netflix.discovery.DiscoveryClient    : Registered Applications size is zero : true
2025-12-16T16:29:12.199+01:00  INFO 10218 --- [user-management-service] [  restartedMain] com.netflix.discovery.DiscoveryClient    : Application version is -1: true
2025-12-16T16:29:12.199+01:00  INFO 10218 --- [user-management-service] [  restartedMain] com.netflix.discovery.DiscoveryClient    : Getting all instance registry info from the eureka server
2025-12-16T16:29:12.527+01:00  INFO 10218 --- [user-management-service] [  restartedMain] com.netflix.discovery.DiscoveryClient    : The response status is 200
2025-12-16T16:29:12.530+01:00  INFO 10218 --- [user-management-service] [  restartedMain] com.netflix.discovery.DiscoveryClient    : Starting heartbeat executor: renew interval is: 30
2025-12-16T16:29:12.534+01:00  INFO 10218 --- [user-management-service] [  restartedMain] c.n.discovery.InstanceInfoReplicator     : InstanceInfoReplicator onDemand update allowed rate per min is 4
2025-12-16T16:29:12.540+01:00  INFO 10218 --- [user-management-service] [  restartedMain] com.netflix.discovery.DiscoveryClient    : Discovery Client initialized at timestamp 1765898952539 with initial instances count: 1
2025-12-16T16:29:12.545+01:00  INFO 10218 --- [user-management-service] [  restartedMain] o.s.c.n.e.s.EurekaServiceRegistry        : Registering application USER-MANAGEMENT-SERVICE with eureka with status UP
2025-12-16T16:29:12.545+01:00  INFO 10218 --- [user-management-service] [  restartedMain] com.netflix.discovery.DiscoveryClient    : Saw local status change event StatusChangeEvent [timestamp=1765898952545, current=UP, previous=STARTING]
2025-12-16T16:29:12.548+01:00  INFO 10218 --- [user-management-service] [nfoReplicator-0] com.netflix.discovery.DiscoveryClient    : DiscoveryClient_USER-MANAGEMENT-SERVICE/192.168.11.131:user-management-service:8082: registering service...
2025-12-16T16:29:12.561+01:00  INFO 10218 --- [user-management-service] [  restartedMain] o.s.b.w.embedded.tomcat.TomcatWebServer  : Tomcat started on port 8082 (http) with context path ''
2025-12-16T16:29:12.562+01:00  INFO 10218 --- [user-management-service] [  restartedMain] .s.c.n.e.s.EurekaAutoServiceRegistration : Updating port to 8082
2025-12-16T16:29:12.579+01:00  INFO 10218 --- [user-management-service] [  restartedMain] radim.ma.UserManagementApplication       : Started UserManagementApplication in 6.108 seconds (process running for 6.477)
2025-12-16T16:29:12.586+01:00  INFO 10218 --- [user-management-service] [nfoReplicator-0] com.netflix.discovery.DiscoveryClient    : DiscoveryClient_USER-MANAGEMENT-SERVICE/192.168.11.131:user-management-service:8082 - registration status: 204
2025-12-16T16:30:49.536+01:00  INFO 10218 --- [user-management-service] [   File Watcher] rtingClassPathChangeChangedEventListener : Restarting due to 1 class path change (0 additions, 0 deletions, 1 modification)
2025-12-16T16:30:49.539+01:00  INFO 10218 --- [user-management-service] [       Thread-6] o.s.c.n.e.s.EurekaServiceRegistry        : Unregistering application USER-MANAGEMENT-SERVICE with eureka with status DOWN
2025-12-16T16:30:49.539+01:00  INFO 10218 --- [user-management-service] [       Thread-6] com.netflix.discovery.DiscoveryClient    : Saw local status change event StatusChangeEvent [timestamp=1765899049539, current=DOWN, previous=UP]
2025-12-16T16:30:49.539+01:00  INFO 10218 --- [user-management-service] [nfoReplicator-0] com.netflix.discovery.DiscoveryClient    : DiscoveryClient_USER-MANAGEMENT-SERVICE/192.168.11.131:user-management-service:8082: registering service...
2025-12-16T16:30:49.547+01:00  INFO 10218 --- [user-management-service] [nfoReplicator-0] com.netflix.discovery.DiscoveryClient    : DiscoveryClient_USER-MANAGEMENT-SERVICE/192.168.11.131:user-management-service:8082 - registration status: 204
2025-12-16T16:30:49.551+01:00  INFO 10218 --- [user-management-service] [       Thread-6] j.LocalContainerEntityManagerFactoryBean : Closing JPA EntityManagerFactory for persistence unit 'default'
2025-12-16T16:30:49.553+01:00  INFO 10218 --- [user-management-service] [       Thread-6] com.zaxxer.hikari.HikariDataSource       : HikariPool-1 - Shutdown initiated...
2025-12-16T16:30:49.556+01:00  INFO 10218 --- [user-management-service] [       Thread-6] com.zaxxer.hikari.HikariDataSource       : HikariPool-1 - Shutdown completed.
2025-12-16T16:30:49.556+01:00  INFO 10218 --- [user-management-service] [       Thread-6] com.netflix.discovery.DiscoveryClient    : Shutting down DiscoveryClient ...
2025-12-16T16:30:52.558+01:00  INFO 10218 --- [user-management-service] [       Thread-6] com.netflix.discovery.DiscoveryClient    : Unregistering ...
2025-12-16T16:30:52.565+01:00  INFO 10218 --- [user-management-service] [       Thread-6] com.netflix.discovery.DiscoveryClient    : DiscoveryClient_USER-MANAGEMENT-SERVICE/192.168.11.131:user-management-service:8082 - deregister  status: 200
2025-12-16T16:30:52.570+01:00  INFO 10218 --- [user-management-service] [       Thread-6] com.netflix.discovery.DiscoveryClient    : Completed shut down of DiscoveryClient

  .   ____          _            __ _ _
 /\\ / ___'_ __ _ _(_)_ __  __ _ \ \ \ \
( ( )\___ | '_ | '_| | '_ \/ _` | \ \ \ \
 \\/  ___)| |_)| | | | | || (_| |  ) ) ) )
  '  |____| .__|_| |_|_| |_\__, | / / / /
 =========|_|==============|___/=/_/_/_/
 :: Spring Boot ::                (v3.2.5)

2025-12-16T16:30:52.664+01:00  INFO 10218 --- [user-management-service] [  restartedMain] radim.ma.UserManagementApplication       : Starting UserManagementApplication using Java 17.0.17 with PID 10218 (/home/med-chakib/Desktop/smart-academy-org/servers/User-Management/target/classes started by med-chakib in /home/med-chakib/Desktop/smart-academy-org/servers/User-Management)
2025-12-16T16:30:52.665+01:00  INFO 10218 --- [user-management-service] [  restartedMain] radim.ma.UserManagementApplication       : No active profile set, falling back to 1 default profile: "default"
2025-12-16T16:30:52.857+01:00  INFO 10218 --- [user-management-service] [  restartedMain] .s.d.r.c.RepositoryConfigurationDelegate : Bootstrapping Spring Data JPA repositories in DEFAULT mode.
2025-12-16T16:30:52.866+01:00  INFO 10218 --- [user-management-service] [  restartedMain] .s.d.r.c.RepositoryConfigurationDelegate : Finished Spring Data repository scanning in 9 ms. Found 2 JPA repository interfaces.
2025-12-16T16:30:52.942+01:00  INFO 10218 --- [user-management-service] [  restartedMain] o.s.cloud.context.scope.GenericScope     : BeanFactory id=45f7fdbf-39c8-350b-8b0a-7f2038522a77
2025-12-16T16:30:52.971+01:00  WARN 10218 --- [user-management-service] [  restartedMain] trationDelegate$BeanPostProcessorChecker : Bean 'org.springframework.cloud.client.loadbalancer.LoadBalancerAutoConfiguration$LoadBalancerInterceptorConfig' of type [org.springframework.cloud.client.loadbalancer.LoadBalancerAutoConfiguration$LoadBalancerInterceptorConfig] is not eligible for getting processed by all BeanPostProcessors (for example: not eligible for auto-proxying). The currently created BeanPostProcessor [lbRestClientPostProcessor] is declared through a non-static factory method on that class; consider declaring it as static instead.
2025-12-16T16:30:52.972+01:00  WARN 10218 --- [user-management-service] [  restartedMain] trationDelegate$BeanPostProcessorChecker : Bean 'org.springframework.cloud.loadbalancer.config.BlockingLoadBalancerClientAutoConfiguration' of type [org.springframework.cloud.loadbalancer.config.BlockingLoadBalancerClientAutoConfiguration] is not eligible for getting processed by all BeanPostProcessors (for example: not eligible for auto-proxying). Is this bean getting eagerly injected into a currently created BeanPostProcessor [lbRestClientPostProcessor]? Check the corresponding BeanPostProcessor declaration and its dependencies.
2025-12-16T16:30:52.974+01:00  WARN 10218 --- [user-management-service] [  restartedMain] trationDelegate$BeanPostProcessorChecker : Bean 'org.springframework.cloud.loadbalancer.config.LoadBalancerAutoConfiguration' of type [org.springframework.cloud.loadbalancer.config.LoadBalancerAutoConfiguration] is not eligible for getting processed by all BeanPostProcessors (for example: not eligible for auto-proxying). Is this bean getting eagerly injected into a currently created BeanPostProcessor [lbRestClientPostProcessor]? Check the corresponding BeanPostProcessor declaration and its dependencies.
2025-12-16T16:30:52.976+01:00  WARN 10218 --- [user-management-service] [  restartedMain] trationDelegate$BeanPostProcessorChecker : Bean 'org.springframework.cloud.commons.config.CommonsConfigAutoConfiguration' of type [org.springframework.cloud.commons.config.CommonsConfigAutoConfiguration] is not eligible for getting processed by all BeanPostProcessors (for example: not eligible for auto-proxying). Is this bean getting eagerly injected into a currently created BeanPostProcessor [lbRestClientPostProcessor]? Check the corresponding BeanPostProcessor declaration and its dependencies.
2025-12-16T16:30:52.978+01:00  WARN 10218 --- [user-management-service] [  restartedMain] trationDelegate$BeanPostProcessorChecker : Bean 'org.springframework.cloud.client.loadbalancer.LoadBalancerDefaultMappingsProviderAutoConfiguration' of type [org.springframework.cloud.client.loadbalancer.LoadBalancerDefaultMappingsProviderAutoConfiguration] is not eligible for getting processed by all BeanPostProcessors (for example: not eligible for auto-proxying). Is this bean getting eagerly injected into a currently created BeanPostProcessor [lbRestClientPostProcessor]? Check the corresponding BeanPostProcessor declaration and its dependencies.
2025-12-16T16:30:52.978+01:00  WARN 10218 --- [user-management-service] [  restartedMain] trationDelegate$BeanPostProcessorChecker : Bean 'loadBalancerClientsDefaultsMappingsProvider' of type [org.springframework.cloud.client.loadbalancer.LoadBalancerDefaultMappingsProviderAutoConfiguration$$Lambda$656/0x000073b9b4481398] is not eligible for getting processed by all BeanPostProcessors (for example: not eligible for auto-proxying). Is this bean getting eagerly injected into a currently created BeanPostProcessor [lbRestClientPostProcessor]? Check the corresponding BeanPostProcessor declaration and its dependencies.
2025-12-16T16:30:52.979+01:00  WARN 10218 --- [user-management-service] [  restartedMain] trationDelegate$BeanPostProcessorChecker : Bean 'defaultsBindHandlerAdvisor' of type [org.springframework.cloud.commons.config.DefaultsBindHandlerAdvisor] is not eligible for getting processed by all BeanPostProcessors (for example: not eligible for auto-proxying). Is this bean getting eagerly injected into a currently created BeanPostProcessor [lbRestClientPostProcessor]? Check the corresponding BeanPostProcessor declaration and its dependencies.
2025-12-16T16:30:52.980+01:00  WARN 10218 --- [user-management-service] [  restartedMain] trationDelegate$BeanPostProcessorChecker : Bean 'org.springframework.boot.autoconfigure.flyway.FlywayAutoConfiguration' of type [org.springframework.boot.autoconfigure.flyway.FlywayAutoConfiguration] is not eligible for getting processed by all BeanPostProcessors (for example: not eligible for auto-proxying). Is this bean getting eagerly injected into a currently created BeanPostProcessor [lbRestClientPostProcessor]? Check the corresponding BeanPostProcessor declaration and its dependencies.
2025-12-16T16:30:52.980+01:00  WARN 10218 --- [user-management-service] [  restartedMain] trationDelegate$BeanPostProcessorChecker : Bean 'stringOrNumberMigrationVersionConverter' of type [org.springframework.boot.autoconfigure.flyway.FlywayAutoConfiguration$StringOrNumberToMigrationVersionConverter] is not eligible for getting processed by all BeanPostProcessors (for example: not eligible for auto-proxying). Is this bean getting eagerly injected into a currently created BeanPostProcessor [lbRestClientPostProcessor]? Check the corresponding BeanPostProcessor declaration and its dependencies.
2025-12-16T16:30:52.983+01:00  WARN 10218 --- [user-management-service] [  restartedMain] trationDelegate$BeanPostProcessorChecker : Bean 'spring.cloud.loadbalancer-org.springframework.cloud.client.loadbalancer.LoadBalancerClientsProperties' of type [org.springframework.cloud.client.loadbalancer.LoadBalancerClientsProperties] is not eligible for getting processed by all BeanPostProcessors (for example: not eligible for auto-proxying). Is this bean getting eagerly injected into a currently created BeanPostProcessor [lbRestClientPostProcessor]? Check the corresponding BeanPostProcessor declaration and its dependencies.
2025-12-16T16:30:52.985+01:00  WARN 10218 --- [user-management-service] [  restartedMain] trationDelegate$BeanPostProcessorChecker : Bean 'default.org.springframework.cloud.loadbalancer.config.LoadBalancerAutoConfiguration.LoadBalancerClientSpecification' of type [org.springframework.cloud.loadbalancer.annotation.LoadBalancerClientSpecification] is not eligible for getting processed by all BeanPostProcessors (for example: not eligible for auto-proxying). Is this bean getting eagerly injected into a currently created BeanPostProcessor [lbRestClientPostProcessor]? Check the corresponding BeanPostProcessor declaration and its dependencies.
2025-12-16T16:30:52.986+01:00  WARN 10218 --- [user-management-service] [  restartedMain] trationDelegate$BeanPostProcessorChecker : Bean 'default.org.springframework.cloud.loadbalancer.config.BlockingLoadBalancerClientAutoConfiguration.LoadBalancerClientSpecification' of type [org.springframework.cloud.loadbalancer.annotation.LoadBalancerClientSpecification] is not eligible for getting processed by all BeanPostProcessors (for example: not eligible for auto-proxying). Is this bean getting eagerly injected into a currently created BeanPostProcessor [lbRestClientPostProcessor]? Check the corresponding BeanPostProcessor declaration and its dependencies.
2025-12-16T16:30:52.986+01:00  WARN 10218 --- [user-management-service] [  restartedMain] trationDelegate$BeanPostProcessorChecker : Bean 'default.org.springframework.cloud.netflix.eureka.loadbalancer.LoadBalancerEurekaAutoConfiguration.LoadBalancerClientSpecification' of type [org.springframework.cloud.loadbalancer.annotation.LoadBalancerClientSpecification] is not eligible for getting processed by all BeanPostProcessors (for example: not eligible for auto-proxying). Is this bean getting eagerly injected into a currently created BeanPostProcessor [lbRestClientPostProcessor]? Check the corresponding BeanPostProcessor declaration and its dependencies.
2025-12-16T16:30:52.987+01:00  WARN 10218 --- [user-management-service] [  restartedMain] trationDelegate$BeanPostProcessorChecker : Bean 'loadBalancerClientFactory' of type [org.springframework.cloud.loadbalancer.support.LoadBalancerClientFactory] is not eligible for getting processed by all BeanPostProcessors (for example: not eligible for auto-proxying). Is this bean getting eagerly injected into a currently created BeanPostProcessor [lbRestClientPostProcessor]? Check the corresponding BeanPostProcessor declaration and its dependencies.
2025-12-16T16:30:52.988+01:00  WARN 10218 --- [user-management-service] [  restartedMain] trationDelegate$BeanPostProcessorChecker : Bean 'blockingLoadBalancerClient' of type [org.springframework.cloud.loadbalancer.blocking.client.BlockingLoadBalancerClient] is not eligible for getting processed by all BeanPostProcessors (for example: not eligible for auto-proxying). Is this bean getting eagerly injected into a currently created BeanPostProcessor [lbRestClientPostProcessor]? Check the corresponding BeanPostProcessor declaration and its dependencies.
2025-12-16T16:30:52.991+01:00  WARN 10218 --- [user-management-service] [  restartedMain] trationDelegate$BeanPostProcessorChecker : Bean 'loadBalancerServiceInstanceCookieTransformer' of type [org.springframework.cloud.loadbalancer.core.LoadBalancerServiceInstanceCookieTransformer] is not eligible for getting processed by all BeanPostProcessors (for example: not eligible for auto-proxying). Is this bean getting eagerly injected into a currently created BeanPostProcessor [lbRestClientPostProcessor]? Check the corresponding BeanPostProcessor declaration and its dependencies.
2025-12-16T16:30:52.992+01:00  WARN 10218 --- [user-management-service] [  restartedMain] trationDelegate$BeanPostProcessorChecker : Bean 'xForwarderHeadersTransformer' of type [org.springframework.cloud.loadbalancer.blocking.XForwardedHeadersTransformer] is not eligible for getting processed by all BeanPostProcessors (for example: not eligible for auto-proxying). Is this bean getting eagerly injected into a currently created BeanPostProcessor [lbRestClientPostProcessor]? Check the corresponding BeanPostProcessor declaration and its dependencies.
2025-12-16T16:30:52.993+01:00  WARN 10218 --- [user-management-service] [  restartedMain] trationDelegate$BeanPostProcessorChecker : Bean 'org.springframework.cloud.client.loadbalancer.LoadBalancerAutoConfiguration' of type [org.springframework.cloud.client.loadbalancer.LoadBalancerAutoConfiguration] is not eligible for getting processed by all BeanPostProcessors (for example: not eligible for auto-proxying). Is this bean getting eagerly injected into a currently created BeanPostProcessor [lbRestClientPostProcessor]? Check the corresponding BeanPostProcessor declaration and its dependencies.
2025-12-16T16:30:52.994+01:00  WARN 10218 --- [user-management-service] [  restartedMain] trationDelegate$BeanPostProcessorChecker : Bean 'loadBalancerRequestFactory' of type [org.springframework.cloud.client.loadbalancer.LoadBalancerRequestFactory] is not eligible for getting processed by all BeanPostProcessors (for example: not eligible for auto-proxying). Is this bean getting eagerly injected into a currently created BeanPostProcessor [lbRestClientPostProcessor]? Check the corresponding BeanPostProcessor declaration and its dependencies.
2025-12-16T16:30:52.994+01:00  WARN 10218 --- [user-management-service] [  restartedMain] trationDelegate$BeanPostProcessorChecker : Bean 'loadBalancerInterceptor' of type [org.springframework.cloud.client.loadbalancer.LoadBalancerInterceptor] is not eligible for getting processed by all BeanPostProcessors (for example: not eligible for auto-proxying). Is this bean getting eagerly injected into a currently created BeanPostProcessor [lbRestClientPostProcessor]? Check the corresponding BeanPostProcessor declaration and its dependencies.
2025-12-16T16:30:53.063+01:00  INFO 10218 --- [user-management-service] [  restartedMain] o.s.b.w.embedded.tomcat.TomcatWebServer  : Tomcat initialized with port 8082 (http)
2025-12-16T16:30:53.064+01:00  INFO 10218 --- [user-management-service] [  restartedMain] o.apache.catalina.core.StandardService   : Starting service [Tomcat]
2025-12-16T16:30:53.064+01:00  INFO 10218 --- [user-management-service] [  restartedMain] o.apache.catalina.core.StandardEngine    : Starting Servlet engine: [Apache Tomcat/10.1.20]
2025-12-16T16:30:53.073+01:00  INFO 10218 --- [user-management-service] [  restartedMain] o.a.c.c.C.[Tomcat].[localhost].[/]       : Initializing Spring embedded WebApplicationContext
2025-12-16T16:30:53.074+01:00  INFO 10218 --- [user-management-service] [  restartedMain] w.s.c.ServletWebServerApplicationContext : Root WebApplicationContext: initialization completed in 408 ms
2025-12-16T16:30:53.125+01:00  INFO 10218 --- [user-management-service] [  restartedMain] com.zaxxer.hikari.HikariDataSource       : HikariPool-2 - Starting...
2025-12-16T16:30:53.143+01:00  INFO 10218 --- [user-management-service] [  restartedMain] com.zaxxer.hikari.pool.HikariPool        : HikariPool-2 - Added connection org.postgresql.jdbc.PgConnection@1c6f46d2
2025-12-16T16:30:53.144+01:00  INFO 10218 --- [user-management-service] [  restartedMain] com.zaxxer.hikari.HikariDataSource       : HikariPool-2 - Start completed.
2025-12-16T16:30:53.151+01:00  INFO 10218 --- [user-management-service] [  restartedMain] org.flywaydb.core.FlywayExecutor         : Database: jdbc:postgresql://localhost:5435/user_management (PostgreSQL 15.15)
2025-12-16T16:30:53.161+01:00  INFO 10218 --- [user-management-service] [  restartedMain] o.f.core.internal.command.DbValidate     : Successfully validated 3 migrations (execution time 00:00.005s)
2025-12-16T16:30:53.198+01:00  INFO 10218 --- [user-management-service] [  restartedMain] o.f.core.internal.command.DbMigrate      : Current version of schema "public": 3
2025-12-16T16:30:53.198+01:00  INFO 10218 --- [user-management-service] [  restartedMain] o.f.core.internal.command.DbMigrate      : Schema "public" is up to date. No migration necessary.
2025-12-16T16:30:53.222+01:00  INFO 10218 --- [user-management-service] [  restartedMain] o.hibernate.jpa.internal.util.LogHelper  : HHH000204: Processing PersistenceUnitInfo [name: default]
2025-12-16T16:30:53.224+01:00  INFO 10218 --- [user-management-service] [  restartedMain] o.h.c.internal.RegionFactoryInitiator    : HHH000026: Second-level cache disabled
2025-12-16T16:30:53.227+01:00  INFO 10218 --- [user-management-service] [  restartedMain] o.s.o.j.p.SpringPersistenceUnitInfo      : No LoadTimeWeaver setup: ignoring JPA class transformer
2025-12-16T16:30:53.230+01:00  WARN 10218 --- [user-management-service] [  restartedMain] org.hibernate.orm.deprecation            : HHH90000025: PostgreSQLDialect does not need to be specified explicitly using 'hibernate.dialect' (remove the property setting and it will be selected by default)
2025-12-16T16:30:53.298+01:00  INFO 10218 --- [user-management-service] [  restartedMain] o.h.e.t.j.p.i.JtaPlatformInitiator       : HHH000489: No JTA platform available (set 'hibernate.transaction.jta.platform' to enable JTA platform integration)
2025-12-16T16:30:53.309+01:00  INFO 10218 --- [user-management-service] [  restartedMain] j.LocalContainerEntityManagerFactoryBean : Initialized JPA EntityManagerFactory for persistence unit 'default'
2025-12-16T16:30:53.529+01:00  WARN 10218 --- [user-management-service] [  restartedMain] JpaBaseConfiguration$JpaWebConfiguration : spring.jpa.open-in-view is enabled by default. Therefore, database queries may be performed during view rendering. Explicitly configure spring.jpa.open-in-view to disable this warning
2025-12-16T16:30:53.667+01:00  INFO 10218 --- [user-management-service] [  restartedMain] o.s.s.web.DefaultSecurityFilterChain     : Will secure any request with [org.springframework.security.web.session.DisableEncodeUrlFilter@8c25ae3, org.springframework.security.web.context.request.async.WebAsyncManagerIntegrationFilter@3c9954b8, org.springframework.security.web.context.SecurityContextHolderFilter@54a085f9, org.springframework.security.web.header.HeaderWriterFilter@3cac57a0, org.springframework.web.filter.CorsFilter@45ec3e8c, org.springframework.security.web.authentication.logout.LogoutFilter@6149a931, radim.ma.security.JwtFilter@461fd43b, org.springframework.security.web.savedrequest.RequestCacheAwareFilter@42bbf07e, org.springframework.security.web.servletapi.SecurityContextHolderAwareRequestFilter@1cf4bede, org.springframework.security.web.authentication.AnonymousAuthenticationFilter@595e8652, org.springframework.security.web.session.SessionManagementFilter@b34cf68, org.springframework.security.web.access.ExceptionTranslationFilter@45da6af1, org.springframework.security.web.access.intercept.AuthorizationFilter@731df67d]
2025-12-16T16:30:53.812+01:00  INFO 10218 --- [user-management-service] [  restartedMain] o.s.b.d.a.OptionalLiveReloadServer       : LiveReload server is running on port 35729
2025-12-16T16:30:53.856+01:00  INFO 10218 --- [user-management-service] [  restartedMain] DiscoveryClientOptionalArgsConfiguration : Eureka HTTP Client uses RestTemplate.
2025-12-16T16:30:53.878+01:00  WARN 10218 --- [user-management-service] [  restartedMain] iguration$LoadBalancerCaffeineWarnLogger : Spring Cloud LoadBalancer is currently working with the default cache. While this cache implementation is useful for development and tests, it's recommended to use Caffeine cache in production.You can switch to using Caffeine cache, by adding it and org.springframework.cache.caffeine.CaffeineCacheManager to the classpath.
2025-12-16T16:30:53.888+01:00  INFO 10218 --- [user-management-service] [  restartedMain] o.s.c.n.eureka.InstanceInfoFactory       : Setting initial instance status as: STARTING
2025-12-16T16:30:53.891+01:00  INFO 10218 --- [user-management-service] [  restartedMain] com.netflix.discovery.DiscoveryClient    : Initializing Eureka in region us-east-1
2025-12-16T16:30:53.891+01:00  INFO 10218 --- [user-management-service] [  restartedMain] c.n.d.s.r.aws.ConfigClusterResolver      : Resolving eureka endpoints via configuration
2025-12-16T16:30:53.895+01:00  INFO 10218 --- [user-management-service] [  restartedMain] com.netflix.discovery.DiscoveryClient    : Disable delta property : false
2025-12-16T16:30:53.895+01:00  INFO 10218 --- [user-management-service] [  restartedMain] com.netflix.discovery.DiscoveryClient    : Single vip registry refresh property : null
2025-12-16T16:30:53.895+01:00  INFO 10218 --- [user-management-service] [  restartedMain] com.netflix.discovery.DiscoveryClient    : Force full registry fetch : false
2025-12-16T16:30:53.895+01:00  INFO 10218 --- [user-management-service] [  restartedMain] com.netflix.discovery.DiscoveryClient    : Application is null : false
2025-12-16T16:30:53.895+01:00  INFO 10218 --- [user-management-service] [  restartedMain] com.netflix.discovery.DiscoveryClient    : Registered Applications size is zero : true
2025-12-16T16:30:53.895+01:00  INFO 10218 --- [user-management-service] [  restartedMain] com.netflix.discovery.DiscoveryClient    : Application version is -1: true
2025-12-16T16:30:53.895+01:00  INFO 10218 --- [user-management-service] [  restartedMain] com.netflix.discovery.DiscoveryClient    : Getting all instance registry info from the eureka server
2025-12-16T16:30:53.917+01:00  INFO 10218 --- [user-management-service] [  restartedMain] com.netflix.discovery.DiscoveryClient    : The response status is 200
2025-12-16T16:30:53.918+01:00  INFO 10218 --- [user-management-service] [  restartedMain] com.netflix.discovery.DiscoveryClient    : Starting heartbeat executor: renew interval is: 30
2025-12-16T16:30:53.918+01:00  INFO 10218 --- [user-management-service] [  restartedMain] c.n.discovery.InstanceInfoReplicator     : InstanceInfoReplicator onDemand update allowed rate per min is 4
2025-12-16T16:30:53.919+01:00  INFO 10218 --- [user-management-service] [  restartedMain] com.netflix.discovery.DiscoveryClient    : Discovery Client initialized at timestamp 1765899053919 with initial instances count: 3
2025-12-16T16:30:53.923+01:00  INFO 10218 --- [user-management-service] [  restartedMain] o.s.c.n.e.s.EurekaServiceRegistry        : Registering application USER-MANAGEMENT-SERVICE with eureka with status UP
2025-12-16T16:30:53.923+01:00  INFO 10218 --- [user-management-service] [  restartedMain] com.netflix.discovery.DiscoveryClient    : Saw local status change event StatusChangeEvent [timestamp=1765899053923, current=UP, previous=STARTING]
2025-12-16T16:30:53.923+01:00  INFO 10218 --- [user-management-service] [nfoReplicator-0] com.netflix.discovery.DiscoveryClient    : DiscoveryClient_USER-MANAGEMENT-SERVICE/192.168.11.131:user-management-service:8082: registering service...
2025-12-16T16:30:53.926+01:00  INFO 10218 --- [user-management-service] [  restartedMain] o.s.b.w.embedded.tomcat.TomcatWebServer  : Tomcat started on port 8082 (http) with context path ''
2025-12-16T16:30:53.926+01:00  INFO 10218 --- [user-management-service] [  restartedMain] .s.c.n.e.s.EurekaAutoServiceRegistration : Updating port to 8082
2025-12-16T16:30:53.936+01:00  INFO 10218 --- [user-management-service] [  restartedMain] radim.ma.UserManagementApplication       : Started UserManagementApplication in 1.305 seconds (process running for 107.834)
2025-12-16T16:30:53.936+01:00  INFO 10218 --- [user-management-service] [nfoReplicator-0] com.netflix.discovery.DiscoveryClient    : DiscoveryClient_USER-MANAGEMENT-SERVICE/192.168.11.131:user-management-service:8082 - registration status: 204
2025-12-16T16:30:53.938+01:00  INFO 10218 --- [user-management-service] [  restartedMain] .ConditionEvaluationDeltaLoggingListener : Condition evaluation unchanged
2025-12-16T16:32:59.141+01:00  INFO 10218 --- [user-management-service] [ionShutdownHook] o.s.c.n.e.s.EurekaServiceRegistry        : Unregistering application USER-MANAGEMENT-SERVICE with eureka with status DOWN
2025-12-16T16:32:59.144+01:00  INFO 10218 --- [user-management-service] [ionShutdownHook] com.netflix.discovery.DiscoveryClient    : Saw local status change event StatusChangeEvent [timestamp=1765899179144, current=DOWN, previous=UP]
2025-12-16T16:32:59.145+01:00  INFO 10218 --- [user-management-service] [nfoReplicator-0] com.netflix.discovery.DiscoveryClient    : DiscoveryClient_USER-MANAGEMENT-SERVICE/192.168.11.131:user-management-service:8082: registering service...
2025-12-16T16:32:59.164+01:00  INFO 10218 --- [user-management-service] [ionShutdownHook] j.LocalContainerEntityManagerFactoryBean : Closing JPA EntityManagerFactory for persistence unit 'default'
2025-12-16T16:32:59.164+01:00  INFO 10218 --- [user-management-service] [nfoReplicator-0] com.netflix.discovery.DiscoveryClient    : DiscoveryClient_USER-MANAGEMENT-SERVICE/192.168.11.131:user-management-service:8082 - registration status: 204
2025-12-16T16:32:59.167+01:00  INFO 10218 --- [user-management-service] [ionShutdownHook] com.zaxxer.hikari.HikariDataSource       : HikariPool-2 - Shutdown initiated...
2025-12-16T16:32:59.186+01:00  INFO 10218 --- [user-management-service] [ionShutdownHook] com.zaxxer.hikari.HikariDataSource       : HikariPool-2 - Shutdown completed.
2025-12-16T16:32:59.187+01:00  INFO 10218 --- [user-management-service] [ionShutdownHook] com.netflix.discovery.DiscoveryClient    : Shutting down DiscoveryClient ...
2025-12-16T16:33:02.188+01:00  INFO 10218 --- [user-management-service] [ionShutdownHook] com.netflix.discovery.DiscoveryClient    : Unregistering ...
2025-12-16T16:33:02.194+01:00  INFO 10218 --- [user-management-service] [ionShutdownHook] com.netflix.discovery.DiscoveryClient    : DiscoveryClient_USER-MANAGEMENT-SERVICE/192.168.11.131:user-management-service:8082 - deregister  status: 200
2025-12-16T16:33:02.198+01:00  INFO 10218 --- [user-management-service] [ionShutdownHook] com.netflix.discovery.DiscoveryClient    : Completed shut down of DiscoveryClient
